[11:37:05] [main/INFO] ========================================
[11:37:05] [main/INFO] Minecraft: 1.20.6
[11:37:05] [main/INFO] Side: server
[11:37:05] [main/INFO] Development: false
[11:37:05] [main/INFO] Version: 15.0.787
[11:37:05] [main/INFO] Loader:
[11:37:05] [main/INFO] - Fabric: 0.16.3
[11:37:05] [main/INFO] - Fabric API: 0.100.8+1.20.6
[11:37:05] [main/INFO] Dependencies:
[11:37:05] [main/INFO] - Cloth Config: 14.0.126
[11:37:05] [main/INFO] - Architectury: 12.1.4
[11:37:05] [main/INFO] Mixin: 0.8.7
[11:37:05] [main/INFO] OS: Linux 6.8.0-1030-azure (amd64)
[11:37:05] [main/INFO] Java: 21.0.8 (Ubuntu)
[11:37:05] [main/INFO] ========================================
[11:37:05] [main/INFO] Mods:
[11:37:05] [main/INFO] - architectury: 12.1.4
[11:37:05] [main/INFO] - balm-fabric: 10.3.6
[11:37:05] [main/INFO] - blue_endless_jankson: 1.2.3
[11:37:05] [main/INFO] - cardinal-components: 6.0.0
[11:37:05] [main/INFO] - cardinal-components-base: 6.0.0
[11:37:05] [main/INFO] - cardinal-components-block: 6.0.0
[11:37:05] [main/INFO] - cardinal-components-chunk: 6.0.0
[11:37:05] [main/INFO] - cardinal-components-entity: 6.0.0
[11:37:05] [main/INFO] - cardinal-components-item: 6.0.0
[11:37:05] [main/INFO] - cardinal-components-level: 6.0.0
[11:37:05] [main/INFO] - cardinal-components-scoreboard: 6.0.0
[11:37:05] [main/INFO] - cardinal-components-world: 6.0.0
[11:37:05] [main/INFO] - carryon: 2.1.4
[11:37:05] [main/INFO] - chunky: 1.4.10
[11:37:05] [main/INFO] - cloth-basic-math: 0.6.1
[11:37:05] [main/INFO] - cloth-config: 14.0.126
[11:37:05] [main/INFO] - cloth-config: 14.0.126
[11:37:05] [main/INFO] - collective: 7.84
[11:37:05] [main/INFO] - com_electronwill_night-config_core: 3.6.7
[11:37:05] [main/INFO] - com_electronwill_night-config_toml: 3.6.7
[11:37:05] [main/INFO] - creativecore: 2.11.33
[11:37:05] [main/INFO] - cristellib: 1.2.5
[11:37:05] [main/INFO] - enhancedvisuals: 1.7.2
[11:37:05] [main/INFO] - error_notifier: 1.0.11
[11:37:05] [main/INFO] - fabric-api: 0.100.8+1.20.6
[11:37:05] [main/INFO] - fabric-api: 0.100.8+1.20.6
[11:37:05] [main/INFO] - fabric-api-base: 0.4.40+80f8cf51b0
[11:37:05] [main/INFO] - fabric-api-lookup-api-v1: 1.6.59+e9d2a72bb0
[11:37:05] [main/INFO] - fabric-biome-api-v1: 13.0.25+be5d88beb0
[11:37:05] [main/INFO] - fabric-block-api-v1: 1.0.20+6dfe4c9bb0
[11:37:05] [main/INFO] - fabric-block-view-api-v2: 1.0.8+80f8cf51b0
[11:37:05] [main/INFO] - fabric-command-api-v1: 1.2.45+f71b366fb0
[11:37:05] [main/INFO] - fabric-command-api-v2: 2.2.24+80f8cf51b0
[11:37:05] [main/INFO] - fabric-commands-v0: 0.2.62+df3654b3b0
[11:37:05] [main/INFO] - fabric-content-registries-v0: 8.0.6+b82b2392b0
[11:37:05] [main/INFO] - fabric-convention-tags-v1: 2.0.7+7f945d5bb0
[11:37:05] [main/INFO] - fabric-convention-tags-v2: 2.1.3+f4bfb622b0
[11:37:05] [main/INFO] - fabric-crash-report-info-v1: 0.2.27+80f8cf51b0
[11:37:05] [main/INFO] - fabric-data-attachment-api-v1: 1.1.17+2a2c66b6b0
[11:37:05] [main/INFO] - fabric-data-generation-api-v1: 19.2.5+a5d5299db0
[11:37:05] [main/INFO] - fabric-dimensions-v1: 2.1.68+94793913b0
[11:37:05] [main/INFO] - fabric-entity-events-v1: 1.6.8+e9d2a72bb0
[11:37:05] [main/INFO] - fabric-events-interaction-v0: 0.7.6+c5fc38b3b0
[11:37:05] [main/INFO] - fabric-game-rule-api-v1: 1.0.50+80f8cf51b0
[11:37:05] [main/INFO] - fabric-item-api-v1: 8.2.3+6e5bbc4ab0
[11:37:05] [main/INFO] - fabric-item-group-api-v1: 4.1.1+f4bfb622b0
[11:37:05] [main/INFO] - fabric-lifecycle-events-v1: 2.3.4+c5fc38b3b0
[11:37:05] [main/INFO] - fabric-loot-api-v2: 3.0.6+97f703dab0
[11:37:05] [main/INFO] - fabric-message-api-v1: 6.0.11+a7dc0e41b0
[11:37:05] [main/INFO] - fabric-networking-api-v1: 4.2.0+a916f7c5b0
[11:37:05] [main/INFO] - fabric-object-builder-api-v1: 15.1.5+c5fc38b3b0
[11:37:05] [main/INFO] - fabric-particles-v1: 4.0.0+c5fc38b3b0
[11:37:05] [main/INFO] - fabric-recipe-api-v1: 5.0.6+9c745bbbb0
[11:37:05] [main/INFO] - fabric-registry-sync-v0: 5.0.19+c7d49fa1b0
[11:37:05] [main/INFO] - fabric-rendering-data-attachment-v1: 0.3.46+73761d2eb0
[11:37:05] [main/INFO] - fabric-rendering-fluids-v1: 3.1.3+2c869dedb0
[11:37:05] [main/INFO] - fabric-resource-conditions-api-v1: 4.2.0+a5d5299db0
[11:37:05] [main/INFO] - fabric-resource-loader-v0: 1.1.1+f4bfb622b0
[11:37:05] [main/INFO] - fabric-screen-handler-api-v1: 1.3.76+8c7b71c2b0
[11:37:05] [main/INFO] - fabric-transfer-api-v1: 5.1.7+7fc4b352b0
[11:37:05] [main/INFO] - fabric-transitive-access-wideners-v1: 6.0.10+74e2f560b0
[11:37:05] [main/INFO] - fabricloader: 0.16.3
[11:37:05] [main/INFO] - forgeconfigapiport: 20.6.1
[11:37:05] [main/INFO] - frycmobvariants: 5.5.1+1.20.5
[11:37:05] [main/INFO] - glitchcore: 1.1.0.10
[11:37:05] [main/INFO] - jade: 14.2.4+fabric
[11:37:05] [main/INFO] - java: 21
[11:37:05] [main/INFO] - kuma_api: 20.6.4
[11:37:05] [main/INFO] - mcwbridges: 3.0.0
[11:37:05] [main/INFO] - mcwdoors: 1.1.2
[11:37:05] [main/INFO] - mcwfences: 1.2.0
[11:37:05] [main/INFO] - mcwfurnitures: 3.3.0
[11:37:05] [main/INFO] - mcwpaintings: 1.0.5
[11:37:05] [main/INFO] - minecraft: 1.20.6
[11:37:05] [main/INFO] - mixinextras: 0.4.1
[11:37:05] [main/INFO] - moremobs: 1.5.6+mod
[11:37:05] [main/INFO] - mr_dungeons: 1.8.4b
[11:37:05] [main/INFO] - mr_dungeons_andtaverns: 3.2
[11:37:05] [main/INFO] - mr_upgraded_mobs: 1.3.4
[11:37:05] [main/INFO] - net_jodah_typetools: 0.6.3
[11:37:05] [main/INFO] - net_neoforged_bus: 7.2.0
[11:37:05] [main/INFO] - placeholder-api: 2.4.0-pre.2+1.20.5
[11:37:05] [main/INFO] - roughlyenoughitems: 15.0.787
[11:37:05] [main/INFO] - smallships: 2.0.0-b1.5
[11:37:05] [main/INFO] - sound_physics_remastered: 1.20.6-1.4.5
[11:37:05] [main/INFO] - strongermobs: 1.0.1
[11:37:05] [main/INFO] - structory: 1.3.5
[11:37:05] [main/INFO] - t_and_t: 1.13.1
[11:37:05] [main/INFO] - toughasnails: 9.2.0.180
[11:37:05] [main/INFO] - travelersbackpack: fabric-1.20.6-9.6.4
[11:37:05] [main/INFO] - treeharvester: 9.1
[11:37:05] [main/INFO] - waystones: 17.0.2
[11:37:05] [main/INFO] - xaerominimap: 25.2.10
[11:37:05] [main/INFO] ========================================
[11:37:05] [main/INFO] [REI] Registered plugin provider DefaultPlugin [roughlyenoughitems] for REIPlugin
[11:37:05] [main/INFO] [REI] Registered plugin provider DefaultRuntimePlugin [roughlyenoughitems] for REIPlugin
[11:37:05] [main/INFO] [REI] Registered plugin provider ReiCompat [travelersbackpack] for REIPlugin
[11:37:05] [main/INFO] [REI] Registered plugin provider DefaultPlugin [roughlyenoughitems] for REIServerPlugin
[11:37:05] [main/INFO] [REI] Registered plugin provider DefaultRuntimePlugin [roughlyenoughitems] for REIServerPlugin
[11:37:05] [main/INFO] [REI] Registered plugin provider ReiCompat [travelersbackpack] for REIServerPlugin
[11:37:06] [main/INFO] [REI] Registered plugin provider FabricFluidAPISupportPlugin for REIServerPlugin
[11:37:06] [main/INFO] [REI] Registered plugin provider FabricFluidAPISupportPlugin for REIPlugin
[11:37:11] [Worker-Main-1/DEBUG] [REI] Processed 1 tags in 595.9 μs for minecraft:painting_variant
[11:37:11] [Worker-Main-1/DEBUG] [REI] Processed 0 tags in 10.04 μs for minecraft:worldgen/world_preset
[11:37:11] [Worker-Main-1/DEBUG] [REI] Processed 0 tags in 32.29 μs for minecraft:worldgen/structure
[11:37:11] [Worker-Main-1/DEBUG] [REI] Processed 0 tags in 16.16 μs for minecraft:worldgen/flat_level_generator_preset
[11:37:11] [Worker-Main-1/DEBUG] [REI] Processed 3 tags in 34.46 μs for minecraft:point_of_interest_type
[11:37:11] [Worker-Main-1/DEBUG] [REI] Processed 7 tags in 352.5 μs for minecraft:enchantment
[11:37:11] [Worker-Main-1/DEBUG] [REI] Processed 0 tags in 18.95 μs for minecraft:damage_type
[11:37:11] [Worker-Main-1/DEBUG] [REI] Processed 0 tags in 22.64 μs for minecraft:trim_material
[11:37:11] [Worker-Main-1/DEBUG] [REI] Processed 0 tags in 8.620 μs for minecraft:banner_pattern
[11:37:11] [Worker-Main-1/DEBUG] [REI] Processed 3 tags in 128.3 μs for minecraft:instrument
[11:37:11] [Worker-Main-1/DEBUG] [REI] Processed 345 tags in 6.290 ms for minecraft:item
[11:37:11] [Worker-Main-1/DEBUG] [REI] Processed 45 tags in 178.7 μs for minecraft:entity_type
[11:37:11] [Worker-Main-1/DEBUG] [REI] Processed 2 tags in 18.90 μs for minecraft:cat_variant
[11:37:11] [Worker-Main-1/DEBUG] [REI] Processed 342 tags in 8.290 ms for minecraft:block
[11:37:11] [Worker-Main-1/DEBUG] [REI] Processed 5 tags in 66.08 μs for minecraft:game_event
[11:37:11] [Worker-Main-1/DEBUG] [REI] Processed 0 tags in 76.37 μs for minecraft:worldgen/biome
[11:37:11] [Worker-Main-1/DEBUG] [REI] Processed 5 tags in 35.93 μs for minecraft:fluid
[11:37:13] [main/DEBUG] [REI] Starting Reload Plugins of stage null
java.lang.Throwable
	at me.shedaniel.rei.impl.common.plugins.ReloadManagerImpl.reloadPlugins(ReloadManagerImpl.java:110)
	at me.shedaniel.rei.RoughlyEnoughItemsCore.lambda$onInitialize$5(RoughlyEnoughItemsCore.java:163)
	at java.base/java.util.concurrent.CompletableFuture$UniRun.tryFire(CompletableFuture.java:787)
	at java.base/java.util.concurrent.CompletableFuture$Completion.run(CompletableFuture.java:482)
	at net.minecraft.class_4014.method_18365(class_4014.java:69)
	at net.minecraft.class_156.method_43498(class_156.java:993)
	at net.minecraft.class_156.method_43499(class_156.java:981)
	at net.minecraft.server.Main.main(Main.java:182)
	at net.fabricmc.loader.impl.game.minecraft.MinecraftGameProvider.launch(MinecraftGameProvider.java:480)
	at net.fabricmc.loader.impl.launch.knot.Knot.launch(Knot.java:74)
	at net.fabricmc.loader.impl.launch.knot.KnotServer.main(KnotServer.java:23)
	at net.fabricmc.loader.impl.launch.server.FabricServerLauncher.main(FabricServerLauncher.java:69)
	at net.fabricmc.installer.ServerLauncher.main(ServerLauncher.java:69)
[11:37:13] [main/DEBUG] [REI] ========================================
[11:37:13] [main/DEBUG] [REI] REIPlugin starting pre-reload for START.
[11:37:13] [main/DEBUG] [REI] Reloadables (7):
[11:37:13] [main/DEBUG] [REI]  - EntryTypeRegistryImpl
[11:37:13] [main/DEBUG] [REI]  - EntrySettingsAdapterRegistryImpl
[11:37:13] [main/DEBUG] [REI]  - RecipeManagerContextImpl
[11:37:13] [main/DEBUG] [REI]  - ItemComparatorRegistryImpl
[11:37:13] [main/DEBUG] [REI]  - FluidComparatorRegistryImpl
[11:37:13] [main/DEBUG] [REI]  - DisplaySerializerRegistryImpl
[11:37:13] [main/DEBUG] [REI]  - FluidSupportProviderImpl
[11:37:13] [main/DEBUG] [REI] Plugins (4):
[11:37:13] [main/DEBUG] [REI]  - (-100.00) DefaultPlugin of DefaultPlugin [roughlyenoughitems]
[11:37:13] [main/DEBUG] [REI]  - (0.00) FabricFluidAPISupportPlugin
[11:37:13] [main/DEBUG] [REI]  - (0.00) ReiCompat of ReiCompat [travelersbackpack]
[11:37:13] [main/DEBUG] [REI]  - (0.00) DefaultRuntimePlugin of DefaultRuntimePlugin [roughlyenoughitems]
[11:37:13] [main/DEBUG] [REI] ========================================
[11:37:13] [main/TRACE] [REI] [REIPlugin START] Reloading Section: "pre-register/"
[11:37:13] [main/TRACE] [REI] [REIPlugin START] Reloading Section: "pre-register/DefaultPlugin of DefaultPlugin [roughlyenoughitems]/"
[11:37:13] [main/TRACE] [REI] [REIPlugin START] Reloading Section: "pre-register/DefaultPlugin of DefaultPlugin [roughlyenoughitems]/" done in 1.657 ms
[11:37:13] [main/TRACE] [REI] [REIPlugin START] Reloading Section: "pre-register/FabricFluidAPISupportPlugin/"
[11:37:13] [main/TRACE] [REI] [REIPlugin START] Reloading Section: "pre-register/FabricFluidAPISupportPlugin/" done in 127.6 μs
[11:37:13] [main/TRACE] [REI] [REIPlugin START] Reloading Section: "pre-register/ReiCompat of ReiCompat [travelersbackpack]/"
[11:37:13] [main/TRACE] [REI] [REIPlugin START] Reloading Section: "pre-register/ReiCompat of ReiCompat [travelersbackpack]/" done in 101.2 μs
[11:37:13] [main/TRACE] [REI] [REIPlugin START] Reloading Section: "pre-register/DefaultRuntimePlugin of DefaultRuntimePlugin [roughlyenoughitems]/"
[11:37:13] [main/TRACE] [REI] [REIPlugin START] Reloading Section: "pre-register/DefaultRuntimePlugin of DefaultRuntimePlugin [roughlyenoughitems]/" done in 77.36 μs
[11:37:13] [main/TRACE] [REI] [REIPlugin START] Reloading Section: "pre-register/" done in 24.13 ms
[11:37:13] [main/TRACE] [REI] [REIPlugin START] Reloading Section: "pre-stage/"
[11:37:13] [main/TRACE] [REI] [REIPlugin START] Reloading Section: "pre-stage/EntryTypeRegistryImpl/"
[11:37:13] [main/TRACE] [REI] [REIPlugin START] Reloading Section: "pre-stage/EntryTypeRegistryImpl/" done in 364.0 μs
[11:37:13] [main/TRACE] [REI] [REIPlugin START] Reloading Section: "pre-stage/EntrySettingsAdapterRegistryImpl/"
[11:37:13] [main/TRACE] [REI] [REIPlugin START] Reloading Section: "pre-stage/EntrySettingsAdapterRegistryImpl/" done in 76.09 μs
[11:37:13] [main/TRACE] [REI] [REIPlugin START] Reloading Section: "pre-stage/RecipeManagerContextImpl/"
[11:37:13] [main/TRACE] [REI] [REIPlugin START] Reloading Section: "pre-stage/RecipeManagerContextImpl/" done in 68.91 μs
[11:37:13] [main/TRACE] [REI] [REIPlugin START] Reloading Section: "pre-stage/ItemComparatorRegistryImpl/"
[11:37:13] [main/TRACE] [REI] [REIPlugin START] Reloading Section: "pre-stage/ItemComparatorRegistryImpl/" done in 57.72 μs
[11:37:13] [main/TRACE] [REI] [REIPlugin START] Reloading Section: "pre-stage/FluidComparatorRegistryImpl/"
[11:37:13] [main/TRACE] [REI] [REIPlugin START] Reloading Section: "pre-stage/FluidComparatorRegistryImpl/" done in 57.25 μs
[11:37:13] [main/TRACE] [REI] [REIPlugin START] Reloading Section: "pre-stage/DisplaySerializerRegistryImpl/"
[11:37:13] [main/TRACE] [REI] [REIPlugin START] Reloading Section: "pre-stage/DisplaySerializerRegistryImpl/" done in 39.61 μs
[11:37:13] [main/TRACE] [REI] [REIPlugin START] Reloading Section: "pre-stage/FluidSupportProviderImpl/"
[11:37:13] [main/TRACE] [REI] [REIPlugin START] Reloading Section: "pre-stage/FluidSupportProviderImpl/" done in 42.78 μs
[11:37:13] [main/TRACE] [REI] [REIPlugin START] Reloading Section: "pre-stage/" done in 1.905 ms
[11:37:13] [main/DEBUG] [REI] ========================================
[11:37:13] [main/DEBUG] [REI] REIPlugin finished pre-reload for START in 26.83 ms.
[11:37:13] [main/DEBUG] [REI] ========================================
[11:37:13] [main/DEBUG] [REI] ========================================
[11:37:13] [main/DEBUG] [REI] REIServerPlugin starting pre-reload for START.
[11:37:13] [main/DEBUG] [REI] Reloadables (2):
[11:37:13] [main/DEBUG] [REI]  - MenuInfoRegistryImpl
[11:37:13] [main/DEBUG] [REI]  - SlotAccessorRegistryImpl
[11:37:13] [main/DEBUG] [REI] Plugins (4):
[11:37:13] [main/DEBUG] [REI]  - (-100.00) DefaultPlugin of DefaultPlugin [roughlyenoughitems]
[11:37:13] [main/DEBUG] [REI]  - (0.00) FabricFluidAPISupportPlugin
[11:37:13] [main/DEBUG] [REI]  - (0.00) ReiCompat of ReiCompat [travelersbackpack]
[11:37:13] [main/DEBUG] [REI]  - (0.00) DefaultRuntimePlugin of DefaultRuntimePlugin [roughlyenoughitems]
[11:37:13] [main/DEBUG] [REI] ========================================
[11:37:13] [main/TRACE] [REI] [REIServerPlugin START] Reloading Section: "pre-register/"
[11:37:13] [main/TRACE] [REI] [REIServerPlugin START] Reloading Section: "pre-register/DefaultPlugin of DefaultPlugin [roughlyenoughitems]/"
[11:37:13] [main/TRACE] [REI] [REIServerPlugin START] Reloading Section: "pre-register/DefaultPlugin of DefaultPlugin [roughlyenoughitems]/" done in 59.96 μs
[11:37:13] [main/TRACE] [REI] [REIServerPlugin START] Reloading Section: "pre-register/FabricFluidAPISupportPlugin/"
[11:37:13] [main/TRACE] [REI] [REIServerPlugin START] Reloading Section: "pre-register/FabricFluidAPISupportPlugin/" done in 66.86 μs
[11:37:13] [main/TRACE] [REI] [REIServerPlugin START] Reloading Section: "pre-register/ReiCompat of ReiCompat [travelersbackpack]/"
[11:37:13] [main/TRACE] [REI] [REIServerPlugin START] Reloading Section: "pre-register/ReiCompat of ReiCompat [travelersbackpack]/" done in 86.75 μs
[11:37:13] [main/TRACE] [REI] [REIServerPlugin START] Reloading Section: "pre-register/DefaultRuntimePlugin of DefaultRuntimePlugin [roughlyenoughitems]/"
[11:37:13] [main/TRACE] [REI] [REIServerPlugin START] Reloading Section: "pre-register/DefaultRuntimePlugin of DefaultRuntimePlugin [roughlyenoughitems]/" done in 75.71 μs
[11:37:13] [main/TRACE] [REI] [REIServerPlugin START] Reloading Section: "pre-register/" done in 1.007 ms
[11:37:13] [main/TRACE] [REI] [REIServerPlugin START] Reloading Section: "pre-stage/"
[11:37:13] [main/TRACE] [REI] [REIServerPlugin START] Reloading Section: "pre-stage/MenuInfoRegistryImpl/"
[11:37:13] [main/TRACE] [REI] [REIServerPlugin START] Reloading Section: "pre-stage/MenuInfoRegistryImpl/" done in 71.63 μs
[11:37:13] [main/TRACE] [REI] [REIServerPlugin START] Reloading Section: "pre-stage/SlotAccessorRegistryImpl/"
[11:37:13] [main/TRACE] [REI] [REIServerPlugin START] Reloading Section: "pre-stage/SlotAccessorRegistryImpl/" done in 68.49 μs
[11:37:13] [main/TRACE] [REI] [REIServerPlugin START] Reloading Section: "pre-stage/" done in 475.1 μs
[11:37:13] [main/DEBUG] [REI] ========================================
[11:37:13] [main/DEBUG] [REI] REIServerPlugin finished pre-reload for START in 1.688 ms.
[11:37:13] [main/DEBUG] [REI] ========================================
[11:37:13] [main/INFO] [REI] ****************************************
[11:37:13] [main/INFO] [REI] REIPlugin starting main-reload for START.
[11:37:13] [main/DEBUG] [REI] Reloadables (7):
[11:37:13] [main/DEBUG] [REI]  - EntryTypeRegistryImpl
[11:37:13] [main/DEBUG] [REI]  - EntrySettingsAdapterRegistryImpl
[11:37:13] [main/DEBUG] [REI]  - RecipeManagerContextImpl
[11:37:13] [main/DEBUG] [REI]  - ItemComparatorRegistryImpl
[11:37:13] [main/DEBUG] [REI]  - FluidComparatorRegistryImpl
[11:37:13] [main/DEBUG] [REI]  - DisplaySerializerRegistryImpl
[11:37:13] [main/DEBUG] [REI]  - FluidSupportProviderImpl
[11:37:13] [main/INFO] [REI] Plugins (4):
[11:37:13] [main/INFO] [REI]  - (-100.00) DefaultPlugin of DefaultPlugin [roughlyenoughitems]
[11:37:13] [main/INFO] [REI]  - (0.00) FabricFluidAPISupportPlugin
[11:37:13] [main/INFO] [REI]  - (0.00) ReiCompat of ReiCompat [travelersbackpack]
[11:37:13] [main/INFO] [REI]  - (0.00) DefaultRuntimePlugin of DefaultRuntimePlugin [roughlyenoughitems]
[11:37:13] [main/INFO] [REI] ****************************************
[11:37:13] [main/TRACE] [REI] [REIPlugin START] Reloading Section: "start-reload/"
[11:37:13] [main/TRACE] [REI] [REIPlugin START] Reloading Section: "start-reload/EntryTypeRegistryImpl/"
[11:37:13] [main/TRACE] [REI] [REIPlugin START] Reloading Section: "start-reload/EntryTypeRegistryImpl/" done in 154.5 μs
[11:37:13] [main/TRACE] [REI] [REIPlugin START] Reloading Section: "start-reload/EntrySettingsAdapterRegistryImpl/"
[11:37:13] [main/TRACE] [REI] [REIPlugin START] Reloading Section: "start-reload/EntrySettingsAdapterRegistryImpl/" done in 316.2 μs
[11:37:13] [main/TRACE] [REI] [REIPlugin START] Reloading Section: "start-reload/RecipeManagerContextImpl/"
[11:37:13] [main/TRACE] [REI] [REIPlugin START] Reloading Section: "start-reload/RecipeManagerContextImpl/" done in 125.0 μs
[11:37:13] [main/TRACE] [REI] [REIPlugin START] Reloading Section: "start-reload/ItemComparatorRegistryImpl/"
[11:37:13] [main/TRACE] [REI] [REIPlugin START] Reloading Section: "start-reload/ItemComparatorRegistryImpl/" done in 123.8 μs
[11:37:13] [main/TRACE] [REI] [REIPlugin START] Reloading Section: "start-reload/FluidComparatorRegistryImpl/"
[11:37:13] [main/TRACE] [REI] [REIPlugin START] Reloading Section: "start-reload/FluidComparatorRegistryImpl/" done in 64.20 μs
[11:37:13] [main/TRACE] [REI] [REIPlugin START] Reloading Section: "start-reload/DisplaySerializerRegistryImpl/"
[11:37:13] [main/TRACE] [REI] [REIPlugin START] Reloading Section: "start-reload/DisplaySerializerRegistryImpl/" done in 78.88 μs
[11:37:13] [main/TRACE] [REI] [REIPlugin START] Reloading Section: "start-reload/FluidSupportProviderImpl/"
[11:37:13] [main/TRACE] [REI] [REIPlugin START] Reloading Section: "start-reload/FluidSupportProviderImpl/" done in 184.9 μs
[11:37:13] [main/TRACE] [REI] [REIPlugin START] Reloading Section: "start-reload/" done in 5.445 ms
[11:37:13] [main/DEBUG] [REI] ========================================
[11:37:13] [main/DEBUG] [REI] REIPlugin started main-reload for START.
[11:37:13] [main/DEBUG] [REI] ========================================
[11:37:13] [main/TRACE] [REI] [REIPlugin START] Reloading Section: "reloadable-plugin/EntryTypeRegistryImpl/"
[11:37:13] [main/TRACE] [REI] [REIPlugin START] Reloading Section: "reloadable-plugin/EntryTypeRegistryImpl/DefaultPlugin of DefaultPlugin [roughlyenoughitems]/"
[11:37:13] [main/TRACE] [REI] [REIPlugin START] Reloading Section: "reloadable-plugin/EntryTypeRegistryImpl/DefaultPlugin of DefaultPlugin [roughlyenoughitems]/" done in 670.3 μs
[11:37:13] [main/TRACE] [REI] [REIPlugin START] Reloading Section: "reloadable-plugin/EntryTypeRegistryImpl/FabricFluidAPISupportPlugin/"
[11:37:13] [main/TRACE] [REI] [REIPlugin START] Reloading Section: "reloadable-plugin/EntryTypeRegistryImpl/FabricFluidAPISupportPlugin/" done in 96.57 μs
[11:37:13] [main/TRACE] [REI] [REIPlugin START] Reloading Section: "reloadable-plugin/EntryTypeRegistryImpl/ReiCompat of ReiCompat [travelersbackpack]/"
[11:37:13] [main/TRACE] [REI] [REIPlugin START] Reloading Section: "reloadable-plugin/EntryTypeRegistryImpl/ReiCompat of ReiCompat [travelersbackpack]/" done in 67.88 μs
[11:37:13] [main/TRACE] [REI] [REIPlugin START] Reloading Section: "reloadable-plugin/EntryTypeRegistryImpl/DefaultRuntimePlugin of DefaultRuntimePlugin [roughlyenoughitems]/"
[11:37:13] [main/TRACE] [REI] [REIPlugin START] Reloading Section: "reloadable-plugin/EntryTypeRegistryImpl/DefaultRuntimePlugin of DefaultRuntimePlugin [roughlyenoughitems]/" done in 7.731 ms
[11:37:13] [main/TRACE] [REI] [REIPlugin START] Reloading Section: "reloadable-plugin/EntryTypeRegistryImpl/" done in 11.90 ms
[11:37:13] [main/TRACE] [REI] [REIPlugin START] Reloading Section: "reloadable-plugin/EntrySettingsAdapterRegistryImpl/"
[11:37:13] [main/TRACE] [REI] [REIPlugin START] Reloading Section: "reloadable-plugin/EntrySettingsAdapterRegistryImpl/DefaultPlugin of DefaultPlugin [roughlyenoughitems]/"
[11:37:13] [main/TRACE] [REI] [REIPlugin START] Reloading Section: "reloadable-plugin/EntrySettingsAdapterRegistryImpl/DefaultPlugin of DefaultPlugin [roughlyenoughitems]/" done in 99.78 μs
[11:37:13] [main/TRACE] [REI] [REIPlugin START] Reloading Section: "reloadable-plugin/EntrySettingsAdapterRegistryImpl/FabricFluidAPISupportPlugin/"
[11:37:13] [main/TRACE] [REI] [REIPlugin START] Reloading Section: "reloadable-plugin/EntrySettingsAdapterRegistryImpl/FabricFluidAPISupportPlugin/" done in 69.59 μs
[11:37:13] [main/TRACE] [REI] [REIPlugin START] Reloading Section: "reloadable-plugin/EntrySettingsAdapterRegistryImpl/ReiCompat of ReiCompat [travelersbackpack]/"
[11:37:13] [main/TRACE] [REI] [REIPlugin START] Reloading Section: "reloadable-plugin/EntrySettingsAdapterRegistryImpl/ReiCompat of ReiCompat [travelersbackpack]/" done in 68.73 μs
[11:37:13] [main/TRACE] [REI] [REIPlugin START] Reloading Section: "reloadable-plugin/EntrySettingsAdapterRegistryImpl/DefaultRuntimePlugin of DefaultRuntimePlugin [roughlyenoughitems]/"
[11:37:13] [main/TRACE] [REI] [REIPlugin START] Reloading Section: "reloadable-plugin/EntrySettingsAdapterRegistryImpl/DefaultRuntimePlugin of DefaultRuntimePlugin [roughlyenoughitems]/" done in 110.0 μs
[11:37:13] [main/TRACE] [REI] [REIPlugin START] Reloading Section: "reloadable-plugin/EntrySettingsAdapterRegistryImpl/" done in 1.057 ms
[11:37:13] [main/TRACE] [REI] [REIPlugin START] Reloading Section: "reloadable-plugin/RecipeManagerContextImpl/"
[11:37:13] [main/TRACE] [REI] [REIPlugin START] Reloading Section: "reloadable-plugin/RecipeManagerContextImpl/DefaultPlugin of DefaultPlugin [roughlyenoughitems]/"
[11:37:13] [main/TRACE] [REI] [REIPlugin START] Reloading Section: "reloadable-plugin/RecipeManagerContextImpl/DefaultPlugin of DefaultPlugin [roughlyenoughitems]/" done in 68.00 μs
[11:37:13] [main/TRACE] [REI] [REIPlugin START] Reloading Section: "reloadable-plugin/RecipeManagerContextImpl/FabricFluidAPISupportPlugin/"
[11:37:13] [main/TRACE] [REI] [REIPlugin START] Reloading Section: "reloadable-plugin/RecipeManagerContextImpl/FabricFluidAPISupportPlugin/" done in 60.93 μs
[11:37:13] [main/TRACE] [REI] [REIPlugin START] Reloading Section: "reloadable-plugin/RecipeManagerContextImpl/ReiCompat of ReiCompat [travelersbackpack]/"
[11:37:13] [main/TRACE] [REI] [REIPlugin START] Reloading Section: "reloadable-plugin/RecipeManagerContextImpl/ReiCompat of ReiCompat [travelersbackpack]/" done in 74.82 μs
[11:37:13] [main/TRACE] [REI] [REIPlugin START] Reloading Section: "reloadable-plugin/RecipeManagerContextImpl/DefaultRuntimePlugin of DefaultRuntimePlugin [roughlyenoughitems]/"
[11:37:13] [main/TRACE] [REI] [REIPlugin START] Reloading Section: "reloadable-plugin/RecipeManagerContextImpl/DefaultRuntimePlugin of DefaultRuntimePlugin [roughlyenoughitems]/" done in 58.65 μs
[11:37:13] [main/TRACE] [REI] [REIPlugin START] Reloading Section: "reloadable-plugin/RecipeManagerContextImpl/" done in 917.6 μs
[11:37:13] [main/TRACE] [REI] [REIPlugin START] Reloading Section: "reloadable-plugin/ItemComparatorRegistryImpl/"
[11:37:13] [main/TRACE] [REI] [REIPlugin START] Reloading Section: "reloadable-plugin/ItemComparatorRegistryImpl/DefaultPlugin of DefaultPlugin [roughlyenoughitems]/"
[11:37:13] [main/TRACE] [REI] [REIPlugin START] Reloading Section: "reloadable-plugin/ItemComparatorRegistryImpl/DefaultPlugin of DefaultPlugin [roughlyenoughitems]/" done in 1.013 ms
[11:37:13] [main/TRACE] [REI] [REIPlugin START] Reloading Section: "reloadable-plugin/ItemComparatorRegistryImpl/FabricFluidAPISupportPlugin/"
[11:37:13] [main/TRACE] [REI] [REIPlugin START] Reloading Section: "reloadable-plugin/ItemComparatorRegistryImpl/FabricFluidAPISupportPlugin/" done in 96.03 μs
[11:37:13] [main/TRACE] [REI] [REIPlugin START] Reloading Section: "reloadable-plugin/ItemComparatorRegistryImpl/ReiCompat of ReiCompat [travelersbackpack]/"
[11:37:13] [main/TRACE] [REI] [REIPlugin START] Reloading Section: "reloadable-plugin/ItemComparatorRegistryImpl/ReiCompat of ReiCompat [travelersbackpack]/" done in 70.18 μs
[11:37:13] [main/TRACE] [REI] [REIPlugin START] Reloading Section: "reloadable-plugin/ItemComparatorRegistryImpl/DefaultRuntimePlugin of DefaultRuntimePlugin [roughlyenoughitems]/"
[11:37:13] [main/TRACE] [REI] [REIPlugin START] Reloading Section: "reloadable-plugin/ItemComparatorRegistryImpl/DefaultRuntimePlugin of DefaultRuntimePlugin [roughlyenoughitems]/" done in 69.36 μs
[11:37:13] [main/TRACE] [REI] [REIPlugin START] Reloading Section: "reloadable-plugin/ItemComparatorRegistryImpl/" done in 2.086 ms
[11:37:13] [main/TRACE] [REI] [REIPlugin START] Reloading Section: "reloadable-plugin/FluidComparatorRegistryImpl/"
[11:37:13] [main/TRACE] [REI] [REIPlugin START] Reloading Section: "reloadable-plugin/FluidComparatorRegistryImpl/DefaultPlugin of DefaultPlugin [roughlyenoughitems]/"
[11:37:13] [main/TRACE] [REI] [REIPlugin START] Reloading Section: "reloadable-plugin/FluidComparatorRegistryImpl/DefaultPlugin of DefaultPlugin [roughlyenoughitems]/" done in 75.37 μs
[11:37:13] [main/TRACE] [REI] [REIPlugin START] Reloading Section: "reloadable-plugin/FluidComparatorRegistryImpl/FabricFluidAPISupportPlugin/"
[11:37:13] [main/TRACE] [REI] [REIPlugin START] Reloading Section: "reloadable-plugin/FluidComparatorRegistryImpl/FabricFluidAPISupportPlugin/" done in 69.12 μs
[11:37:13] [main/TRACE] [REI] [REIPlugin START] Reloading Section: "reloadable-plugin/FluidComparatorRegistryImpl/ReiCompat of ReiCompat [travelersbackpack]/"
[11:37:13] [main/TRACE] [REI] [REIPlugin START] Reloading Section: "reloadable-plugin/FluidComparatorRegistryImpl/ReiCompat of ReiCompat [travelersbackpack]/" done in 66.23 μs
[11:37:13] [main/TRACE] [REI] [REIPlugin START] Reloading Section: "reloadable-plugin/FluidComparatorRegistryImpl/DefaultRuntimePlugin of DefaultRuntimePlugin [roughlyenoughitems]/"
[11:37:13] [main/TRACE] [REI] [REIPlugin START] Reloading Section: "reloadable-plugin/FluidComparatorRegistryImpl/DefaultRuntimePlugin of DefaultRuntimePlugin [roughlyenoughitems]/" done in 116.2 μs
[11:37:13] [main/TRACE] [REI] [REIPlugin START] Reloading Section: "reloadable-plugin/FluidComparatorRegistryImpl/" done in 957.6 μs
[11:37:13] [main/TRACE] [REI] [REIPlugin START] Reloading Section: "reloadable-plugin/DisplaySerializerRegistryImpl/"
[11:37:13] [main/TRACE] [REI] [REIPlugin START] Reloading Section: "reloadable-plugin/DisplaySerializerRegistryImpl/DefaultPlugin of DefaultPlugin [roughlyenoughitems]/"
[11:37:13] [main/TRACE] [REI] [REIPlugin START] Reloading Section: "reloadable-plugin/DisplaySerializerRegistryImpl/DefaultPlugin of DefaultPlugin [roughlyenoughitems]/" done in 64.23 μs
[11:37:13] [main/TRACE] [REI] [REIPlugin START] Reloading Section: "reloadable-plugin/DisplaySerializerRegistryImpl/FabricFluidAPISupportPlugin/"
[11:37:13] [main/TRACE] [REI] [REIPlugin START] Reloading Section: "reloadable-plugin/DisplaySerializerRegistryImpl/FabricFluidAPISupportPlugin/" done in 72.78 μs
[11:37:13] [main/TRACE] [REI] [REIPlugin START] Reloading Section: "reloadable-plugin/DisplaySerializerRegistryImpl/ReiCompat of ReiCompat [travelersbackpack]/"
[11:37:13] [main/TRACE] [REI] [REIPlugin START] Reloading Section: "reloadable-plugin/DisplaySerializerRegistryImpl/ReiCompat of ReiCompat [travelersbackpack]/" done in 73.61 μs
[11:37:13] [main/TRACE] [REI] [REIPlugin START] Reloading Section: "reloadable-plugin/DisplaySerializerRegistryImpl/DefaultRuntimePlugin of DefaultRuntimePlugin [roughlyenoughitems]/"
[11:37:13] [main/TRACE] [REI] [REIPlugin START] Reloading Section: "reloadable-plugin/DisplaySerializerRegistryImpl/DefaultRuntimePlugin of DefaultRuntimePlugin [roughlyenoughitems]/" done in 62.68 μs
[11:37:13] [main/TRACE] [REI] [REIPlugin START] Reloading Section: "reloadable-plugin/DisplaySerializerRegistryImpl/" done in 939.2 μs
[11:37:13] [main/TRACE] [REI] [REIPlugin START] Reloading Section: "reloadable-plugin/FluidSupportProviderImpl/"
[11:37:13] [main/TRACE] [REI] [REIPlugin START] Reloading Section: "reloadable-plugin/FluidSupportProviderImpl/DefaultPlugin of DefaultPlugin [roughlyenoughitems]/"
[11:37:13] [main/TRACE] [REI] [REIPlugin START] Reloading Section: "reloadable-plugin/FluidSupportProviderImpl/DefaultPlugin of DefaultPlugin [roughlyenoughitems]/" done in 646.5 μs
[11:37:13] [main/TRACE] [REI] [REIPlugin START] Reloading Section: "reloadable-plugin/FluidSupportProviderImpl/FabricFluidAPISupportPlugin/"
[11:37:13] [main/TRACE] [REI] [REIPlugin START] Reloading Section: "reloadable-plugin/FluidSupportProviderImpl/FabricFluidAPISupportPlugin/" done in 326.2 μs
[11:37:13] [main/TRACE] [REI] [REIPlugin START] Reloading Section: "reloadable-plugin/FluidSupportProviderImpl/ReiCompat of ReiCompat [travelersbackpack]/"
[11:37:13] [main/TRACE] [REI] [REIPlugin START] Reloading Section: "reloadable-plugin/FluidSupportProviderImpl/ReiCompat of ReiCompat [travelersbackpack]/" done in 62.49 μs
[11:37:13] [main/TRACE] [REI] [REIPlugin START] Reloading Section: "reloadable-plugin/FluidSupportProviderImpl/DefaultRuntimePlugin of DefaultRuntimePlugin [roughlyenoughitems]/"
[11:37:13] [main/TRACE] [REI] [REIPlugin START] Reloading Section: "reloadable-plugin/FluidSupportProviderImpl/DefaultRuntimePlugin of DefaultRuntimePlugin [roughlyenoughitems]/" done in 58.42 μs
[11:37:13] [main/TRACE] [REI] [REIPlugin START] Reloading Section: "reloadable-plugin/FluidSupportProviderImpl/" done in 1.834 ms
[11:37:13] [main/DEBUG] [REI] ========================================
[11:37:13] [main/DEBUG] [REI] REIPlugin ending main-reload for START.
[11:37:13] [main/DEBUG] [REI] ========================================
[11:37:13] [main/TRACE] [REI] [REIPlugin START] Reloading Section: "end-reload/"
[11:37:13] [main/TRACE] [REI] [REIPlugin START] Reloading Section: "end-reload/EntryTypeRegistryImpl/"
[11:37:13] [main/TRACE] [REI] [REIPlugin START] Reloading Section: "end-reload/EntryTypeRegistryImpl/" done in 81.56 μs
[11:37:13] [main/TRACE] [REI] [REIPlugin START] Reloading Section: "end-reload/EntrySettingsAdapterRegistryImpl/"
[11:37:13] [main/TRACE] [REI] [REIPlugin START] Reloading Section: "end-reload/EntrySettingsAdapterRegistryImpl/" done in 65.42 μs
[11:37:13] [main/TRACE] [REI] [REIPlugin START] Reloading Section: "end-reload/RecipeManagerContextImpl/"
[11:37:13] [main/TRACE] [REI] [REIPlugin START] Reloading Section: "end-reload/RecipeManagerContextImpl/" done in 54.92 μs
[11:37:13] [main/TRACE] [REI] [REIPlugin START] Reloading Section: "end-reload/ItemComparatorRegistryImpl/"
[11:37:13] [main/TRACE] [REI] [REIPlugin START] Reloading Section: "end-reload/ItemComparatorRegistryImpl/" done in 66.17 μs
[11:37:13] [main/TRACE] [REI] [REIPlugin START] Reloading Section: "end-reload/FluidComparatorRegistryImpl/"
[11:37:13] [main/TRACE] [REI] [REIPlugin START] Reloading Section: "end-reload/FluidComparatorRegistryImpl/" done in 62.70 μs
[11:37:13] [main/TRACE] [REI] [REIPlugin START] Reloading Section: "end-reload/DisplaySerializerRegistryImpl/"
[11:37:13] [main/TRACE] [REI] [REIPlugin START] Reloading Section: "end-reload/DisplaySerializerRegistryImpl/" done in 59.00 μs
[11:37:13] [main/TRACE] [REI] [REIPlugin START] Reloading Section: "end-reload/FluidSupportProviderImpl/"
[11:37:13] [main/TRACE] [REI] [REIPlugin START] Reloading Section: "end-reload/FluidSupportProviderImpl/" done in 50.11 μs
[11:37:13] [main/TRACE] [REI] [REIPlugin START] Reloading Section: "end-reload/" done in 1.479 ms
[11:37:13] [main/DEBUG] [REI] ========================================
[11:37:13] [main/DEBUG] [REI] REIPlugin ended main-reload for START in 38.21 ms.
[11:37:13] [main/DEBUG] [REI] ========================================
[11:37:13] [main/INFO] [REI] @@@@@@@@@@@@@@@@@@@@@@@@@@@@@@@@@@@@@@@@
[11:37:13] [main/INFO] [REI] REIServerPlugin starting main-reload for START.
[11:37:13] [main/DEBUG] [REI] Reloadables (2):
[11:37:13] [main/DEBUG] [REI]  - MenuInfoRegistryImpl
[11:37:13] [main/DEBUG] [REI]  - SlotAccessorRegistryImpl
[11:37:13] [main/INFO] [REI] Plugins (4):
[11:37:13] [main/INFO] [REI]  - (-100.00) DefaultPlugin of DefaultPlugin [roughlyenoughitems]
[11:37:13] [main/INFO] [REI]  - (0.00) FabricFluidAPISupportPlugin
[11:37:13] [main/INFO] [REI]  - (0.00) ReiCompat of ReiCompat [travelersbackpack]
[11:37:13] [main/INFO] [REI]  - (0.00) DefaultRuntimePlugin of DefaultRuntimePlugin [roughlyenoughitems]
[11:37:13] [main/INFO] [REI] @@@@@@@@@@@@@@@@@@@@@@@@@@@@@@@@@@@@@@@@
[11:37:13] [main/TRACE] [REI] [REIServerPlugin START] Reloading Section: "start-reload/"
[11:37:13] [main/TRACE] [REI] [REIServerPlugin START] Reloading Section: "start-reload/MenuInfoRegistryImpl/"
[11:37:13] [main/TRACE] [REI] [REIServerPlugin START] Reloading Section: "start-reload/MenuInfoRegistryImpl/" done in 69.05 μs
[11:37:13] [main/TRACE] [REI] [REIServerPlugin START] Reloading Section: "start-reload/SlotAccessorRegistryImpl/"
[11:37:13] [main/TRACE] [REI] [REIServerPlugin START] Reloading Section: "start-reload/SlotAccessorRegistryImpl/" done in 81.80 μs
[11:37:13] [main/TRACE] [REI] [REIServerPlugin START] Reloading Section: "start-reload/" done in 573.7 μs
[11:37:13] [main/DEBUG] [REI] ========================================
[11:37:13] [main/DEBUG] [REI] REIServerPlugin started main-reload for START.
[11:37:13] [main/DEBUG] [REI] ========================================
[11:37:13] [main/TRACE] [REI] [REIServerPlugin START] Reloading Section: "reloadable-plugin/MenuInfoRegistryImpl/"
[11:37:13] [main/TRACE] [REI] [REIServerPlugin START] Reloading Section: "reloadable-plugin/MenuInfoRegistryImpl/DefaultPlugin of DefaultPlugin [roughlyenoughitems]/"
[11:37:13] [main/TRACE] [REI] [REIServerPlugin START] Reloading Section: "reloadable-plugin/MenuInfoRegistryImpl/DefaultPlugin of DefaultPlugin [roughlyenoughitems]/" done in 59.78 μs
[11:37:13] [main/TRACE] [REI] [REIServerPlugin START] Reloading Section: "reloadable-plugin/MenuInfoRegistryImpl/FabricFluidAPISupportPlugin/"
[11:37:13] [main/TRACE] [REI] [REIServerPlugin START] Reloading Section: "reloadable-plugin/MenuInfoRegistryImpl/FabricFluidAPISupportPlugin/" done in 57.21 μs
[11:37:13] [main/TRACE] [REI] [REIServerPlugin START] Reloading Section: "reloadable-plugin/MenuInfoRegistryImpl/ReiCompat of ReiCompat [travelersbackpack]/"
[11:37:13] [main/TRACE] [REI] [REIServerPlugin START] Reloading Section: "reloadable-plugin/MenuInfoRegistryImpl/ReiCompat of ReiCompat [travelersbackpack]/" done in 58.54 μs
[11:37:13] [main/TRACE] [REI] [REIServerPlugin START] Reloading Section: "reloadable-plugin/MenuInfoRegistryImpl/DefaultRuntimePlugin of DefaultRuntimePlugin [roughlyenoughitems]/"
[11:37:13] [main/TRACE] [REI] [REIServerPlugin START] Reloading Section: "reloadable-plugin/MenuInfoRegistryImpl/DefaultRuntimePlugin of DefaultRuntimePlugin [roughlyenoughitems]/" done in 84.11 μs
[11:37:13] [main/TRACE] [REI] [REIServerPlugin START] Reloading Section: "reloadable-plugin/MenuInfoRegistryImpl/" done in 748.5 μs
[11:37:13] [main/TRACE] [REI] [REIServerPlugin START] Reloading Section: "reloadable-plugin/SlotAccessorRegistryImpl/"
[11:37:13] [main/TRACE] [REI] [REIServerPlugin START] Reloading Section: "reloadable-plugin/SlotAccessorRegistryImpl/DefaultPlugin of DefaultPlugin [roughlyenoughitems]/"
[11:37:13] [main/TRACE] [REI] [REIServerPlugin START] Reloading Section: "reloadable-plugin/SlotAccessorRegistryImpl/DefaultPlugin of DefaultPlugin [roughlyenoughitems]/" done in 63.99 μs
[11:37:13] [main/TRACE] [REI] [REIServerPlugin START] Reloading Section: "reloadable-plugin/SlotAccessorRegistryImpl/FabricFluidAPISupportPlugin/"
[11:37:13] [main/TRACE] [REI] [REIServerPlugin START] Reloading Section: "reloadable-plugin/SlotAccessorRegistryImpl/FabricFluidAPISupportPlugin/" done in 54.89 μs
[11:37:13] [main/TRACE] [REI] [REIServerPlugin START] Reloading Section: "reloadable-plugin/SlotAccessorRegistryImpl/ReiCompat of ReiCompat [travelersbackpack]/"
[11:37:13] [main/TRACE] [REI] [REIServerPlugin START] Reloading Section: "reloadable-plugin/SlotAccessorRegistryImpl/ReiCompat of ReiCompat [travelersbackpack]/" done in 57.20 μs
[11:37:13] [main/TRACE] [REI] [REIServerPlugin START] Reloading Section: "reloadable-plugin/SlotAccessorRegistryImpl/DefaultRuntimePlugin of DefaultRuntimePlugin [roughlyenoughitems]/"
[11:37:13] [main/TRACE] [REI] [REIServerPlugin START] Reloading Section: "reloadable-plugin/SlotAccessorRegistryImpl/DefaultRuntimePlugin of DefaultRuntimePlugin [roughlyenoughitems]/" done in 49.45 μs
[11:37:13] [main/TRACE] [REI] [REIServerPlugin START] Reloading Section: "reloadable-plugin/SlotAccessorRegistryImpl/" done in 711.4 μs
[11:37:13] [main/DEBUG] [REI] ========================================
[11:37:13] [main/DEBUG] [REI] REIServerPlugin ending main-reload for START.
[11:37:13] [main/DEBUG] [REI] ========================================
[11:37:13] [main/TRACE] [REI] [REIServerPlugin START] Reloading Section: "end-reload/"
[11:37:13] [main/TRACE] [REI] [REIServerPlugin START] Reloading Section: "end-reload/MenuInfoRegistryImpl/"
[11:37:13] [main/TRACE] [REI] [REIServerPlugin START] Reloading Section: "end-reload/MenuInfoRegistryImpl/" done in 58.34 μs
[11:37:13] [main/TRACE] [REI] [REIServerPlugin START] Reloading Section: "end-reload/SlotAccessorRegistryImpl/"
[11:37:13] [main/TRACE] [REI] [REIServerPlugin START] Reloading Section: "end-reload/SlotAccessorRegistryImpl/" done in 63.83 μs
[11:37:13] [main/TRACE] [REI] [REIServerPlugin START] Reloading Section: "end-reload/" done in 363.8 μs
[11:37:13] [main/DEBUG] [REI] ========================================
[11:37:13] [main/DEBUG] [REI] REIServerPlugin ended main-reload for START in 5.665 ms.
[11:37:13] [main/DEBUG] [REI] ========================================
[11:37:13] [main/DEBUG] [REI] ========================================
[11:37:13] [main/DEBUG] [REI] REIPlugin starting post-reload for START.
[11:37:13] [main/DEBUG] [REI] Reloadables (7):
[11:37:13] [main/DEBUG] [REI]  - EntryTypeRegistryImpl
[11:37:13] [main/DEBUG] [REI]  - EntrySettingsAdapterRegistryImpl
[11:37:13] [main/DEBUG] [REI]  - RecipeManagerContextImpl
[11:37:13] [main/DEBUG] [REI]  - ItemComparatorRegistryImpl
[11:37:13] [main/DEBUG] [REI]  - FluidComparatorRegistryImpl
[11:37:13] [main/DEBUG] [REI]  - DisplaySerializerRegistryImpl
[11:37:13] [main/DEBUG] [REI]  - FluidSupportProviderImpl
[11:37:13] [main/DEBUG] [REI] Plugins (4):
[11:37:13] [main/DEBUG] [REI]  - (-100.00) DefaultPlugin of DefaultPlugin [roughlyenoughitems]
[11:37:13] [main/DEBUG] [REI]  - (0.00) FabricFluidAPISupportPlugin
[11:37:13] [main/DEBUG] [REI]  - (0.00) ReiCompat of ReiCompat [travelersbackpack]
[11:37:13] [main/DEBUG] [REI]  - (0.00) DefaultRuntimePlugin of DefaultRuntimePlugin [roughlyenoughitems]
[11:37:13] [main/DEBUG] [REI] ========================================
[11:37:13] [main/TRACE] [REI] [REIPlugin START] Reloading Section: "post-register/"
[11:37:13] [main/TRACE] [REI] [REIPlugin START] Reloading Section: "post-register/DefaultPlugin of DefaultPlugin [roughlyenoughitems]/"
[11:37:13] [main/TRACE] [REI] [REIPlugin START] Reloading Section: "post-register/DefaultPlugin of DefaultPlugin [roughlyenoughitems]/" done in 252.6 μs
[11:37:13] [main/TRACE] [REI] [REIPlugin START] Reloading Section: "post-register/FabricFluidAPISupportPlugin/"
[11:37:13] [main/TRACE] [REI] [REIPlugin START] Reloading Section: "post-register/FabricFluidAPISupportPlugin/" done in 50.77 μs
[11:37:13] [main/TRACE] [REI] [REIPlugin START] Reloading Section: "post-register/ReiCompat of ReiCompat [travelersbackpack]/"
[11:37:13] [main/TRACE] [REI] [REIPlugin START] Reloading Section: "post-register/ReiCompat of ReiCompat [travelersbackpack]/" done in 27.93 μs
[11:37:13] [main/TRACE] [REI] [REIPlugin START] Reloading Section: "post-register/DefaultRuntimePlugin of DefaultRuntimePlugin [roughlyenoughitems]/"
[11:37:13] [main/TRACE] [REI] [REIPlugin START] Reloading Section: "post-register/DefaultRuntimePlugin of DefaultRuntimePlugin [roughlyenoughitems]/" done in 24.31 μs
[11:37:13] [main/TRACE] [REI] [REIPlugin START] Reloading Section: "post-register/" done in 1.751 ms
[11:37:13] [main/TRACE] [REI] [REIPlugin START] Reloading Section: "post-stage/"
[11:37:13] [main/TRACE] [REI] [REIPlugin START] Reloading Section: "post-stage/EntryTypeRegistryImpl/"
[11:37:13] [main/TRACE] [REI] [REIPlugin START] Reloading Section: "post-stage/EntryTypeRegistryImpl/" done in 39.73 μs
[11:37:13] [main/TRACE] [REI] [REIPlugin START] Reloading Section: "post-stage/EntrySettingsAdapterRegistryImpl/"
[11:37:13] [main/TRACE] [REI] [REIPlugin START] Reloading Section: "post-stage/EntrySettingsAdapterRegistryImpl/" done in 24.27 μs
[11:37:13] [main/TRACE] [REI] [REIPlugin START] Reloading Section: "post-stage/RecipeManagerContextImpl/"
[11:37:13] [main/TRACE] [REI] [REIPlugin START] Reloading Section: "post-stage/RecipeManagerContextImpl/" done in 20.02 μs
[11:37:13] [main/TRACE] [REI] [REIPlugin START] Reloading Section: "post-stage/ItemComparatorRegistryImpl/"
[11:37:13] [main/TRACE] [REI] [REIPlugin START] Reloading Section: "post-stage/ItemComparatorRegistryImpl/" done in 21.44 μs
[11:37:13] [main/TRACE] [REI] [REIPlugin START] Reloading Section: "post-stage/FluidComparatorRegistryImpl/"
[11:37:13] [main/TRACE] [REI] [REIPlugin START] Reloading Section: "post-stage/FluidComparatorRegistryImpl/" done in 17.51 μs
[11:37:13] [main/TRACE] [REI] [REIPlugin START] Reloading Section: "post-stage/DisplaySerializerRegistryImpl/"
[11:37:13] [main/TRACE] [REI] [REIPlugin START] Reloading Section: "post-stage/DisplaySerializerRegistryImpl/" done in 16.84 μs
[11:37:13] [main/TRACE] [REI] [REIPlugin START] Reloading Section: "post-stage/FluidSupportProviderImpl/"
[11:37:13] [main/TRACE] [REI] [REIPlugin START] Reloading Section: "post-stage/FluidSupportProviderImpl/" done in 20.01 μs
[11:37:13] [main/TRACE] [REI] [REIPlugin START] Reloading Section: "post-stage/" done in 600.4 μs
[11:37:13] [main/DEBUG] [REI] ========================================
[11:37:13] [main/INFO] [REI] REIPlugin finished post-reload for START in 2.453 ms, totaling 67.47 ms.
[11:37:13] [main/DEBUG] [REI] ========================================
[11:37:13] [main/DEBUG] [REI] ========================================
[11:37:13] [main/DEBUG] [REI] REIServerPlugin starting post-reload for START.
[11:37:13] [main/DEBUG] [REI] Reloadables (2):
[11:37:13] [main/DEBUG] [REI]  - MenuInfoRegistryImpl
[11:37:13] [main/DEBUG] [REI]  - SlotAccessorRegistryImpl
[11:37:13] [main/DEBUG] [REI] Plugins (4):
[11:37:13] [main/DEBUG] [REI]  - (-100.00) DefaultPlugin of DefaultPlugin [roughlyenoughitems]
[11:37:13] [main/DEBUG] [REI]  - (0.00) FabricFluidAPISupportPlugin
[11:37:13] [main/DEBUG] [REI]  - (0.00) ReiCompat of ReiCompat [travelersbackpack]
[11:37:13] [main/DEBUG] [REI]  - (0.00) DefaultRuntimePlugin of DefaultRuntimePlugin [roughlyenoughitems]
[11:37:13] [main/DEBUG] [REI] ========================================
[11:37:13] [main/TRACE] [REI] [REIServerPlugin START] Reloading Section: "post-register/"
[11:37:13] [main/TRACE] [REI] [REIServerPlugin START] Reloading Section: "post-register/DefaultPlugin of DefaultPlugin [roughlyenoughitems]/"
[11:37:13] [main/TRACE] [REI] [REIServerPlugin START] Reloading Section: "post-register/DefaultPlugin of DefaultPlugin [roughlyenoughitems]/" done in 26.11 μs
[11:37:13] [main/TRACE] [REI] [REIServerPlugin START] Reloading Section: "post-register/FabricFluidAPISupportPlugin/"
[11:37:13] [main/TRACE] [REI] [REIServerPlugin START] Reloading Section: "post-register/FabricFluidAPISupportPlugin/" done in 27.15 μs
[11:37:13] [main/TRACE] [REI] [REIServerPlugin START] Reloading Section: "post-register/ReiCompat of ReiCompat [travelersbackpack]/"
[11:37:13] [main/TRACE] [REI] [REIServerPlugin START] Reloading Section: "post-register/ReiCompat of ReiCompat [travelersbackpack]/" done in 53.41 μs
[11:37:13] [main/TRACE] [REI] [REIServerPlugin START] Reloading Section: "post-register/DefaultRuntimePlugin of DefaultRuntimePlugin [roughlyenoughitems]/"
[11:37:13] [main/TRACE] [REI] [REIServerPlugin START] Reloading Section: "post-register/DefaultRuntimePlugin of DefaultRuntimePlugin [roughlyenoughitems]/" done in 31.84 μs
[11:37:13] [main/TRACE] [REI] [REIServerPlugin START] Reloading Section: "post-register/" done in 1.549 ms
[11:37:13] [main/TRACE] [REI] [REIServerPlugin START] Reloading Section: "post-stage/"
[11:37:13] [main/TRACE] [REI] [REIServerPlugin START] Reloading Section: "post-stage/MenuInfoRegistryImpl/"
[11:37:13] [main/TRACE] [REI] [REIServerPlugin START] Reloading Section: "post-stage/MenuInfoRegistryImpl/" done in 25.06 μs
[11:37:13] [main/TRACE] [REI] [REIServerPlugin START] Reloading Section: "post-stage/SlotAccessorRegistryImpl/"
[11:37:13] [main/TRACE] [REI] [REIServerPlugin START] Reloading Section: "post-stage/SlotAccessorRegistryImpl/" done in 21.72 μs
[11:37:13] [main/TRACE] [REI] [REIServerPlugin START] Reloading Section: "post-stage/" done in 165.0 μs
[11:37:13] [main/DEBUG] [REI] ========================================
[11:37:13] [main/INFO] [REI] REIServerPlugin finished post-reload for START in 1.800 ms, totaling 9.128 ms.
[11:37:13] [main/DEBUG] [REI] ========================================
[11:37:13] [main/DEBUG] [REI] ========================================
[11:37:13] [main/DEBUG] [REI] REIPlugin starting pre-reload for END.
[11:37:13] [main/DEBUG] [REI] Reloadables (7):
[11:37:13] [main/DEBUG] [REI]  - EntryTypeRegistryImpl
[11:37:13] [main/DEBUG] [REI]  - EntrySettingsAdapterRegistryImpl
[11:37:13] [main/DEBUG] [REI]  - RecipeManagerContextImpl
[11:37:13] [main/DEBUG] [REI]  - ItemComparatorRegistryImpl
[11:37:13] [main/DEBUG] [REI]  - FluidComparatorRegistryImpl
[11:37:13] [main/DEBUG] [REI]  - DisplaySerializerRegistryImpl
[11:37:13] [main/DEBUG] [REI]  - FluidSupportProviderImpl
[11:37:13] [main/DEBUG] [REI] Plugins (4):
[11:37:13] [main/DEBUG] [REI]  - (-100.00) DefaultPlugin of DefaultPlugin [roughlyenoughitems]
[11:37:13] [main/DEBUG] [REI]  - (0.00) FabricFluidAPISupportPlugin
[11:37:13] [main/DEBUG] [REI]  - (0.00) ReiCompat of ReiCompat [travelersbackpack]
[11:37:13] [main/DEBUG] [REI]  - (0.00) DefaultRuntimePlugin of DefaultRuntimePlugin [roughlyenoughitems]
[11:37:13] [main/DEBUG] [REI] ========================================
[11:37:13] [main/TRACE] [REI] [REIPlugin END] Reloading Section: "pre-register/"
[11:37:13] [main/TRACE] [REI] [REIPlugin END] Reloading Section: "pre-register/DefaultPlugin of DefaultPlugin [roughlyenoughitems]/"
[11:37:13] [main/TRACE] [REI] [REIPlugin END] Reloading Section: "pre-register/DefaultPlugin of DefaultPlugin [roughlyenoughitems]/" done in 28.91 μs
[11:37:13] [main/TRACE] [REI] [REIPlugin END] Reloading Section: "pre-register/FabricFluidAPISupportPlugin/"
[11:37:13] [main/TRACE] [REI] [REIPlugin END] Reloading Section: "pre-register/FabricFluidAPISupportPlugin/" done in 25.78 μs
[11:37:13] [main/TRACE] [REI] [REIPlugin END] Reloading Section: "pre-register/ReiCompat of ReiCompat [travelersbackpack]/"
[11:37:13] [main/TRACE] [REI] [REIPlugin END] Reloading Section: "pre-register/ReiCompat of ReiCompat [travelersbackpack]/" done in 33.69 μs
[11:37:13] [main/TRACE] [REI] [REIPlugin END] Reloading Section: "pre-register/DefaultRuntimePlugin of DefaultRuntimePlugin [roughlyenoughitems]/"
[11:37:13] [main/TRACE] [REI] [REIPlugin END] Reloading Section: "pre-register/DefaultRuntimePlugin of DefaultRuntimePlugin [roughlyenoughitems]/" done in 27.98 μs
[11:37:13] [main/TRACE] [REI] [REIPlugin END] Reloading Section: "pre-register/" done in 389.9 μs
[11:37:13] [main/TRACE] [REI] [REIPlugin END] Reloading Section: "pre-stage/"
[11:37:13] [main/TRACE] [REI] [REIPlugin END] Reloading Section: "pre-stage/EntryTypeRegistryImpl/"
[11:37:13] [main/TRACE] [REI] [REIPlugin END] Reloading Section: "pre-stage/EntryTypeRegistryImpl/" done in 23.00 μs
[11:37:13] [main/TRACE] [REI] [REIPlugin END] Reloading Section: "pre-stage/EntrySettingsAdapterRegistryImpl/"
[11:37:13] [main/TRACE] [REI] [REIPlugin END] Reloading Section: "pre-stage/EntrySettingsAdapterRegistryImpl/" done in 26.61 μs
[11:37:13] [main/TRACE] [REI] [REIPlugin END] Reloading Section: "pre-stage/RecipeManagerContextImpl/"
[11:37:13] [main/TRACE] [REI] [REIPlugin END] Reloading Section: "pre-stage/RecipeManagerContextImpl/" done in 24.14 μs
[11:37:13] [main/TRACE] [REI] [REIPlugin END] Reloading Section: "pre-stage/ItemComparatorRegistryImpl/"
[11:37:13] [main/TRACE] [REI] [REIPlugin END] Reloading Section: "pre-stage/ItemComparatorRegistryImpl/" done in 1.332 ms
[11:37:13] [main/TRACE] [REI] [REIPlugin END] Reloading Section: "pre-stage/FluidComparatorRegistryImpl/"
[11:37:13] [main/TRACE] [REI] [REIPlugin END] Reloading Section: "pre-stage/FluidComparatorRegistryImpl/" done in 26.10 μs
[11:37:13] [main/TRACE] [REI] [REIPlugin END] Reloading Section: "pre-stage/DisplaySerializerRegistryImpl/"
[11:37:13] [main/TRACE] [REI] [REIPlugin END] Reloading Section: "pre-stage/DisplaySerializerRegistryImpl/" done in 32.80 μs
[11:37:13] [main/TRACE] [REI] [REIPlugin END] Reloading Section: "pre-stage/FluidSupportProviderImpl/"
[11:37:13] [main/TRACE] [REI] [REIPlugin END] Reloading Section: "pre-stage/FluidSupportProviderImpl/" done in 26.26 μs
[11:37:13] [main/TRACE] [REI] [REIPlugin END] Reloading Section: "pre-stage/" done in 2.073 ms
[11:37:13] [main/DEBUG] [REI] ========================================
[11:37:13] [main/DEBUG] [REI] REIPlugin finished pre-reload for END in 2.545 ms.
[11:37:13] [main/DEBUG] [REI] ========================================
[11:37:13] [main/DEBUG] [REI] ========================================
[11:37:13] [main/DEBUG] [REI] REIServerPlugin starting pre-reload for END.
[11:37:13] [main/DEBUG] [REI] Reloadables (2):
[11:37:13] [main/DEBUG] [REI]  - MenuInfoRegistryImpl
[11:37:13] [main/DEBUG] [REI]  - SlotAccessorRegistryImpl
[11:37:13] [main/DEBUG] [REI] Plugins (4):
[11:37:13] [main/DEBUG] [REI]  - (-100.00) DefaultPlugin of DefaultPlugin [roughlyenoughitems]
[11:37:13] [main/DEBUG] [REI]  - (0.00) FabricFluidAPISupportPlugin
[11:37:13] [main/DEBUG] [REI]  - (0.00) ReiCompat of ReiCompat [travelersbackpack]
[11:37:13] [main/DEBUG] [REI]  - (0.00) DefaultRuntimePlugin of DefaultRuntimePlugin [roughlyenoughitems]
[11:37:13] [main/DEBUG] [REI] ========================================
[11:37:13] [main/TRACE] [REI] [REIServerPlugin END] Reloading Section: "pre-register/"
[11:37:13] [main/TRACE] [REI] [REIServerPlugin END] Reloading Section: "pre-register/DefaultPlugin of DefaultPlugin [roughlyenoughitems]/"
[11:37:13] [main/TRACE] [REI] [REIServerPlugin END] Reloading Section: "pre-register/DefaultPlugin of DefaultPlugin [roughlyenoughitems]/" done in 26.86 μs
[11:37:13] [main/TRACE] [REI] [REIServerPlugin END] Reloading Section: "pre-register/FabricFluidAPISupportPlugin/"
[11:37:13] [main/TRACE] [REI] [REIServerPlugin END] Reloading Section: "pre-register/FabricFluidAPISupportPlugin/" done in 28.85 μs
[11:37:13] [main/TRACE] [REI] [REIServerPlugin END] Reloading Section: "pre-register/ReiCompat of ReiCompat [travelersbackpack]/"
[11:37:13] [main/TRACE] [REI] [REIServerPlugin END] Reloading Section: "pre-register/ReiCompat of ReiCompat [travelersbackpack]/" done in 25.87 μs
[11:37:13] [main/TRACE] [REI] [REIServerPlugin END] Reloading Section: "pre-register/DefaultRuntimePlugin of DefaultRuntimePlugin [roughlyenoughitems]/"
[11:37:13] [main/TRACE] [REI] [REIServerPlugin END] Reloading Section: "pre-register/DefaultRuntimePlugin of DefaultRuntimePlugin [roughlyenoughitems]/" done in 27.14 μs
[11:37:13] [main/TRACE] [REI] [REIServerPlugin END] Reloading Section: "pre-register/" done in 379.0 μs
[11:37:13] [main/TRACE] [REI] [REIServerPlugin END] Reloading Section: "pre-stage/"
[11:37:13] [main/TRACE] [REI] [REIServerPlugin END] Reloading Section: "pre-stage/MenuInfoRegistryImpl/"
[11:37:13] [main/TRACE] [REI] [REIServerPlugin END] Reloading Section: "pre-stage/MenuInfoRegistryImpl/" done in 27.87 μs
[11:37:13] [main/TRACE] [REI] [REIServerPlugin END] Reloading Section: "pre-stage/SlotAccessorRegistryImpl/"
[11:37:13] [main/TRACE] [REI] [REIServerPlugin END] Reloading Section: "pre-stage/SlotAccessorRegistryImpl/" done in 23.45 μs
[11:37:13] [main/TRACE] [REI] [REIServerPlugin END] Reloading Section: "pre-stage/" done in 204.1 μs
[11:37:13] [main/DEBUG] [REI] ========================================
[11:37:13] [main/DEBUG] [REI] REIServerPlugin finished pre-reload for END in 673.7 μs.
[11:37:13] [main/DEBUG] [REI] ========================================
[11:37:13] [main/INFO] [REI] ========================================
[11:37:13] [main/INFO] [REI] REIPlugin starting main-reload for END.
[11:37:13] [main/DEBUG] [REI] Reloadables (7):
[11:37:13] [main/DEBUG] [REI]  - EntryTypeRegistryImpl
[11:37:13] [main/DEBUG] [REI]  - EntrySettingsAdapterRegistryImpl
[11:37:13] [main/DEBUG] [REI]  - RecipeManagerContextImpl
[11:37:13] [main/DEBUG] [REI]  - ItemComparatorRegistryImpl
[11:37:13] [main/DEBUG] [REI]  - FluidComparatorRegistryImpl
[11:37:13] [main/DEBUG] [REI]  - DisplaySerializerRegistryImpl
[11:37:13] [main/DEBUG] [REI]  - FluidSupportProviderImpl
[11:37:13] [main/INFO] [REI] Plugins (4):
[11:37:13] [main/INFO] [REI]  - (-100.00) DefaultPlugin of DefaultPlugin [roughlyenoughitems]
[11:37:13] [main/INFO] [REI]  - (0.00) FabricFluidAPISupportPlugin
[11:37:13] [main/INFO] [REI]  - (0.00) ReiCompat of ReiCompat [travelersbackpack]
[11:37:13] [main/INFO] [REI]  - (0.00) DefaultRuntimePlugin of DefaultRuntimePlugin [roughlyenoughitems]
[11:37:13] [main/INFO] [REI] ========================================
[11:37:13] [main/TRACE] [REI] [REIPlugin END] Reloading Section: "start-reload/"
[11:37:13] [main/TRACE] [REI] [REIPlugin END] Reloading Section: "start-reload/EntryTypeRegistryImpl/"
[11:37:13] [main/TRACE] [REI] [REIPlugin END] Reloading Section: "start-reload/EntryTypeRegistryImpl/" done in 36.62 μs
[11:37:13] [main/TRACE] [REI] [REIPlugin END] Reloading Section: "start-reload/EntrySettingsAdapterRegistryImpl/"
[11:37:13] [main/TRACE] [REI] [REIPlugin END] Reloading Section: "start-reload/EntrySettingsAdapterRegistryImpl/" done in 39.83 μs
[11:37:13] [main/TRACE] [REI] [REIPlugin END] Reloading Section: "start-reload/RecipeManagerContextImpl/"
[11:37:13] [main/TRACE] [REI] [REIPlugin END] Reloading Section: "start-reload/RecipeManagerContextImpl/" done in 17.86 μs
[11:37:13] [main/TRACE] [REI] [REIPlugin END] Reloading Section: "start-reload/ItemComparatorRegistryImpl/"
[11:37:13] [main/TRACE] [REI] [REIPlugin END] Reloading Section: "start-reload/ItemComparatorRegistryImpl/" done in 24.31 μs
[11:37:13] [main/TRACE] [REI] [REIPlugin END] Reloading Section: "start-reload/FluidComparatorRegistryImpl/"
[11:37:13] [main/TRACE] [REI] [REIPlugin END] Reloading Section: "start-reload/FluidComparatorRegistryImpl/" done in 25.60 μs
[11:37:13] [main/TRACE] [REI] [REIPlugin END] Reloading Section: "start-reload/DisplaySerializerRegistryImpl/"
[11:37:13] [main/TRACE] [REI] [REIPlugin END] Reloading Section: "start-reload/DisplaySerializerRegistryImpl/" done in 25.00 μs
[11:37:13] [main/TRACE] [REI] [REIPlugin END] Reloading Section: "start-reload/FluidSupportProviderImpl/"
[11:37:13] [main/TRACE] [REI] [REIPlugin END] Reloading Section: "start-reload/FluidSupportProviderImpl/" done in 28.06 μs
[11:37:13] [main/TRACE] [REI] [REIPlugin END] Reloading Section: "start-reload/" done in 581.9 μs
[11:37:13] [main/DEBUG] [REI] ========================================
[11:37:13] [main/DEBUG] [REI] REIPlugin started main-reload for END.
[11:37:13] [main/DEBUG] [REI] ========================================
[11:37:13] [main/TRACE] [REI] [REIPlugin END] Reloading Section: "reloadable-plugin/EntryTypeRegistryImpl/"
[11:37:13] [main/TRACE] [REI] [REIPlugin END] Reloading Section: "reloadable-plugin/EntryTypeRegistryImpl/DefaultPlugin of DefaultPlugin [roughlyenoughitems]/"
[11:37:13] [main/TRACE] [REI] [REIPlugin END] Reloading Section: "reloadable-plugin/EntryTypeRegistryImpl/DefaultPlugin of DefaultPlugin [roughlyenoughitems]/" done in 30.53 μs
[11:37:13] [main/TRACE] [REI] [REIPlugin END] Reloading Section: "reloadable-plugin/EntryTypeRegistryImpl/FabricFluidAPISupportPlugin/"
[11:37:13] [main/TRACE] [REI] [REIPlugin END] Reloading Section: "reloadable-plugin/EntryTypeRegistryImpl/FabricFluidAPISupportPlugin/" done in 25.27 μs
[11:37:13] [main/TRACE] [REI] [REIPlugin END] Reloading Section: "reloadable-plugin/EntryTypeRegistryImpl/ReiCompat of ReiCompat [travelersbackpack]/"
[11:37:13] [main/TRACE] [REI] [REIPlugin END] Reloading Section: "reloadable-plugin/EntryTypeRegistryImpl/ReiCompat of ReiCompat [travelersbackpack]/" done in 27.12 μs
[11:37:13] [main/TRACE] [REI] [REIPlugin END] Reloading Section: "reloadable-plugin/EntryTypeRegistryImpl/DefaultRuntimePlugin of DefaultRuntimePlugin [roughlyenoughitems]/"
[11:37:13] [main/TRACE] [REI] [REIPlugin END] Reloading Section: "reloadable-plugin/EntryTypeRegistryImpl/DefaultRuntimePlugin of DefaultRuntimePlugin [roughlyenoughitems]/" done in 26.00 μs
[11:37:13] [main/TRACE] [REI] [REIPlugin END] Reloading Section: "reloadable-plugin/EntryTypeRegistryImpl/" done in 362.2 μs
[11:37:13] [main/TRACE] [REI] [REIPlugin END] Reloading Section: "reloadable-plugin/EntrySettingsAdapterRegistryImpl/"
[11:37:13] [main/TRACE] [REI] [REIPlugin END] Reloading Section: "reloadable-plugin/EntrySettingsAdapterRegistryImpl/DefaultPlugin of DefaultPlugin [roughlyenoughitems]/"
[11:37:13] [main/TRACE] [REI] [REIPlugin END] Reloading Section: "reloadable-plugin/EntrySettingsAdapterRegistryImpl/DefaultPlugin of DefaultPlugin [roughlyenoughitems]/" done in 34.23 μs
[11:37:13] [main/TRACE] [REI] [REIPlugin END] Reloading Section: "reloadable-plugin/EntrySettingsAdapterRegistryImpl/FabricFluidAPISupportPlugin/"
[11:37:13] [main/TRACE] [REI] [REIPlugin END] Reloading Section: "reloadable-plugin/EntrySettingsAdapterRegistryImpl/FabricFluidAPISupportPlugin/" done in 27.42 μs
[11:37:13] [main/TRACE] [REI] [REIPlugin END] Reloading Section: "reloadable-plugin/EntrySettingsAdapterRegistryImpl/ReiCompat of ReiCompat [travelersbackpack]/"
[11:37:13] [main/TRACE] [REI] [REIPlugin END] Reloading Section: "reloadable-plugin/EntrySettingsAdapterRegistryImpl/ReiCompat of ReiCompat [travelersbackpack]/" done in 29.70 μs
[11:37:13] [main/TRACE] [REI] [REIPlugin END] Reloading Section: "reloadable-plugin/EntrySettingsAdapterRegistryImpl/DefaultRuntimePlugin of DefaultRuntimePlugin [roughlyenoughitems]/"
[11:37:13] [main/TRACE] [REI] [REIPlugin END] Reloading Section: "reloadable-plugin/EntrySettingsAdapterRegistryImpl/DefaultRuntimePlugin of DefaultRuntimePlugin [roughlyenoughitems]/" done in 26.90 μs
[11:37:13] [main/TRACE] [REI] [REIPlugin END] Reloading Section: "reloadable-plugin/EntrySettingsAdapterRegistryImpl/" done in 345.7 μs
[11:37:13] [main/TRACE] [REI] [REIPlugin END] Reloading Section: "reloadable-plugin/RecipeManagerContextImpl/"
[11:37:13] [main/TRACE] [REI] [REIPlugin END] Reloading Section: "reloadable-plugin/RecipeManagerContextImpl/DefaultPlugin of DefaultPlugin [roughlyenoughitems]/"
[11:37:13] [main/TRACE] [REI] [REIPlugin END] Reloading Section: "reloadable-plugin/RecipeManagerContextImpl/DefaultPlugin of DefaultPlugin [roughlyenoughitems]/" done in 29.23 μs
[11:37:13] [main/TRACE] [REI] [REIPlugin END] Reloading Section: "reloadable-plugin/RecipeManagerContextImpl/FabricFluidAPISupportPlugin/"
[11:37:13] [main/TRACE] [REI] [REIPlugin END] Reloading Section: "reloadable-plugin/RecipeManagerContextImpl/FabricFluidAPISupportPlugin/" done in 27.51 μs
[11:37:13] [main/TRACE] [REI] [REIPlugin END] Reloading Section: "reloadable-plugin/RecipeManagerContextImpl/ReiCompat of ReiCompat [travelersbackpack]/"
[11:37:13] [main/TRACE] [REI] [REIPlugin END] Reloading Section: "reloadable-plugin/RecipeManagerContextImpl/ReiCompat of ReiCompat [travelersbackpack]/" done in 20.59 μs
[11:37:13] [main/TRACE] [REI] [REIPlugin END] Reloading Section: "reloadable-plugin/RecipeManagerContextImpl/DefaultRuntimePlugin of DefaultRuntimePlugin [roughlyenoughitems]/"
[11:37:13] [main/TRACE] [REI] [REIPlugin END] Reloading Section: "reloadable-plugin/RecipeManagerContextImpl/DefaultRuntimePlugin of DefaultRuntimePlugin [roughlyenoughitems]/" done in 26.56 μs
[11:37:13] [main/TRACE] [REI] [REIPlugin END] Reloading Section: "reloadable-plugin/RecipeManagerContextImpl/" done in 339.3 μs
[11:37:13] [main/TRACE] [REI] [REIPlugin END] Reloading Section: "reloadable-plugin/ItemComparatorRegistryImpl/"
[11:37:13] [main/TRACE] [REI] [REIPlugin END] Reloading Section: "reloadable-plugin/ItemComparatorRegistryImpl/DefaultPlugin of DefaultPlugin [roughlyenoughitems]/"
[11:37:13] [main/TRACE] [REI] [REIPlugin END] Reloading Section: "reloadable-plugin/ItemComparatorRegistryImpl/DefaultPlugin of DefaultPlugin [roughlyenoughitems]/" done in 27.20 μs
[11:37:13] [main/TRACE] [REI] [REIPlugin END] Reloading Section: "reloadable-plugin/ItemComparatorRegistryImpl/FabricFluidAPISupportPlugin/"
[11:37:13] [main/TRACE] [REI] [REIPlugin END] Reloading Section: "reloadable-plugin/ItemComparatorRegistryImpl/FabricFluidAPISupportPlugin/" done in 1.120 ms
[11:37:13] [main/TRACE] [REI] [REIPlugin END] Reloading Section: "reloadable-plugin/ItemComparatorRegistryImpl/ReiCompat of ReiCompat [travelersbackpack]/"
[11:37:13] [main/TRACE] [REI] [REIPlugin END] Reloading Section: "reloadable-plugin/ItemComparatorRegistryImpl/ReiCompat of ReiCompat [travelersbackpack]/" done in 40.79 μs
[11:37:13] [main/TRACE] [REI] [REIPlugin END] Reloading Section: "reloadable-plugin/ItemComparatorRegistryImpl/DefaultRuntimePlugin of DefaultRuntimePlugin [roughlyenoughitems]/"
[11:37:13] [main/TRACE] [REI] [REIPlugin END] Reloading Section: "reloadable-plugin/ItemComparatorRegistryImpl/DefaultRuntimePlugin of DefaultRuntimePlugin [roughlyenoughitems]/" done in 124.4 μs
[11:37:13] [main/TRACE] [REI] [REIPlugin END] Reloading Section: "reloadable-plugin/ItemComparatorRegistryImpl/" done in 2.560 ms
[11:37:13] [main/TRACE] [REI] [REIPlugin END] Reloading Section: "reloadable-plugin/FluidComparatorRegistryImpl/"
[11:37:13] [main/TRACE] [REI] [REIPlugin END] Reloading Section: "reloadable-plugin/FluidComparatorRegistryImpl/DefaultPlugin of DefaultPlugin [roughlyenoughitems]/"
[11:37:13] [main/TRACE] [REI] [REIPlugin END] Reloading Section: "reloadable-plugin/FluidComparatorRegistryImpl/DefaultPlugin of DefaultPlugin [roughlyenoughitems]/" done in 936.7 μs
[11:37:13] [main/TRACE] [REI] [REIPlugin END] Reloading Section: "reloadable-plugin/FluidComparatorRegistryImpl/FabricFluidAPISupportPlugin/"
[11:37:13] [main/TRACE] [REI] [REIPlugin END] Reloading Section: "reloadable-plugin/FluidComparatorRegistryImpl/FabricFluidAPISupportPlugin/" done in 63.02 μs
[11:37:13] [main/TRACE] [REI] [REIPlugin END] Reloading Section: "reloadable-plugin/FluidComparatorRegistryImpl/ReiCompat of ReiCompat [travelersbackpack]/"
[11:37:13] [main/TRACE] [REI] [REIPlugin END] Reloading Section: "reloadable-plugin/FluidComparatorRegistryImpl/ReiCompat of ReiCompat [travelersbackpack]/" done in 26.82 μs
[11:37:13] [main/TRACE] [REI] [REIPlugin END] Reloading Section: "reloadable-plugin/FluidComparatorRegistryImpl/DefaultRuntimePlugin of DefaultRuntimePlugin [roughlyenoughitems]/"
[11:37:13] [main/TRACE] [REI] [REIPlugin END] Reloading Section: "reloadable-plugin/FluidComparatorRegistryImpl/DefaultRuntimePlugin of DefaultRuntimePlugin [roughlyenoughitems]/" done in 51.66 μs
[11:37:13] [main/TRACE] [REI] [REIPlugin END] Reloading Section: "reloadable-plugin/FluidComparatorRegistryImpl/" done in 3.327 ms
[11:37:13] [main/TRACE] [REI] [REIPlugin END] Reloading Section: "reloadable-plugin/DisplaySerializerRegistryImpl/"
[11:37:13] [main/TRACE] [REI] [REIPlugin END] Reloading Section: "reloadable-plugin/DisplaySerializerRegistryImpl/DefaultPlugin of DefaultPlugin [roughlyenoughitems]/"
[11:37:13] [main/TRACE] [REI] [REIPlugin END] Reloading Section: "reloadable-plugin/DisplaySerializerRegistryImpl/DefaultPlugin of DefaultPlugin [roughlyenoughitems]/" done in 40.30 ms
[11:37:13] [main/TRACE] [REI] [REIPlugin END] Reloading Section: "reloadable-plugin/DisplaySerializerRegistryImpl/FabricFluidAPISupportPlugin/"
[11:37:13] [main/TRACE] [REI] [REIPlugin END] Reloading Section: "reloadable-plugin/DisplaySerializerRegistryImpl/FabricFluidAPISupportPlugin/" done in 150.1 μs
[11:37:13] [main/TRACE] [REI] [REIPlugin END] Reloading Section: "reloadable-plugin/DisplaySerializerRegistryImpl/ReiCompat of ReiCompat [travelersbackpack]/"
[11:37:13] [main/TRACE] [REI] [REIPlugin END] Reloading Section: "reloadable-plugin/DisplaySerializerRegistryImpl/ReiCompat of ReiCompat [travelersbackpack]/" done in 124.2 μs
[11:37:13] [main/TRACE] [REI] [REIPlugin END] Reloading Section: "reloadable-plugin/DisplaySerializerRegistryImpl/DefaultRuntimePlugin of DefaultRuntimePlugin [roughlyenoughitems]/"
[11:37:13] [main/TRACE] [REI] [REIPlugin END] Reloading Section: "reloadable-plugin/DisplaySerializerRegistryImpl/DefaultRuntimePlugin of DefaultRuntimePlugin [roughlyenoughitems]/" done in 316.5 μs
[11:37:13] [main/TRACE] [REI] [REIPlugin END] Reloading Section: "reloadable-plugin/DisplaySerializerRegistryImpl/" done in 43.66 ms
[11:37:13] [main/TRACE] [REI] [REIPlugin END] Reloading Section: "reloadable-plugin/FluidSupportProviderImpl/"
[11:37:13] [main/TRACE] [REI] [REIPlugin END] Reloading Section: "reloadable-plugin/FluidSupportProviderImpl/DefaultPlugin of DefaultPlugin [roughlyenoughitems]/"
[11:37:13] [main/TRACE] [REI] [REIPlugin END] Reloading Section: "reloadable-plugin/FluidSupportProviderImpl/DefaultPlugin of DefaultPlugin [roughlyenoughitems]/" done in 113.8 μs
[11:37:13] [main/TRACE] [REI] [REIPlugin END] Reloading Section: "reloadable-plugin/FluidSupportProviderImpl/FabricFluidAPISupportPlugin/"
[11:37:13] [main/TRACE] [REI] [REIPlugin END] Reloading Section: "reloadable-plugin/FluidSupportProviderImpl/FabricFluidAPISupportPlugin/" done in 89.05 μs
[11:37:13] [main/TRACE] [REI] [REIPlugin END] Reloading Section: "reloadable-plugin/FluidSupportProviderImpl/ReiCompat of ReiCompat [travelersbackpack]/"
[11:37:13] [main/TRACE] [REI] [REIPlugin END] Reloading Section: "reloadable-plugin/FluidSupportProviderImpl/ReiCompat of ReiCompat [travelersbackpack]/" done in 96.09 μs
[11:37:13] [main/TRACE] [REI] [REIPlugin END] Reloading Section: "reloadable-plugin/FluidSupportProviderImpl/DefaultRuntimePlugin of DefaultRuntimePlugin [roughlyenoughitems]/"
[11:37:13] [main/TRACE] [REI] [REIPlugin END] Reloading Section: "reloadable-plugin/FluidSupportProviderImpl/DefaultRuntimePlugin of DefaultRuntimePlugin [roughlyenoughitems]/" done in 95.80 μs
[11:37:13] [main/TRACE] [REI] [REIPlugin END] Reloading Section: "reloadable-plugin/FluidSupportProviderImpl/" done in 1.053 ms
[11:37:13] [main/DEBUG] [REI] ========================================
[11:37:13] [main/DEBUG] [REI] REIPlugin ending main-reload for END.
[11:37:13] [main/DEBUG] [REI] ========================================
[11:37:13] [main/TRACE] [REI] [REIPlugin END] Reloading Section: "end-reload/"
[11:37:13] [main/TRACE] [REI] [REIPlugin END] Reloading Section: "end-reload/EntryTypeRegistryImpl/"
[11:37:13] [main/TRACE] [REI] [REIPlugin END] Reloading Section: "end-reload/EntryTypeRegistryImpl/" done in 80.74 μs
[11:37:13] [main/TRACE] [REI] [REIPlugin END] Reloading Section: "end-reload/EntrySettingsAdapterRegistryImpl/"
[11:37:13] [main/TRACE] [REI] [REIPlugin END] Reloading Section: "end-reload/EntrySettingsAdapterRegistryImpl/" done in 28.32 μs
[11:37:13] [main/TRACE] [REI] [REIPlugin END] Reloading Section: "end-reload/RecipeManagerContextImpl/"
[11:37:13] [main/TRACE] [REI] [REIPlugin END] Reloading Section: "end-reload/RecipeManagerContextImpl/" done in 19.55 μs
[11:37:13] [main/TRACE] [REI] [REIPlugin END] Reloading Section: "end-reload/ItemComparatorRegistryImpl/"
[11:37:13] [main/TRACE] [REI] [REIPlugin END] Reloading Section: "end-reload/ItemComparatorRegistryImpl/" done in 14.30 μs
[11:37:13] [main/TRACE] [REI] [REIPlugin END] Reloading Section: "end-reload/FluidComparatorRegistryImpl/"
[11:37:13] [main/TRACE] [REI] [REIPlugin END] Reloading Section: "end-reload/FluidComparatorRegistryImpl/" done in 13.26 μs
[11:37:13] [main/TRACE] [REI] [REIPlugin END] Reloading Section: "end-reload/DisplaySerializerRegistryImpl/"
[11:37:13] [main/TRACE] [REI] [REIPlugin END] Reloading Section: "end-reload/DisplaySerializerRegistryImpl/" done in 15.04 μs
[11:37:13] [main/TRACE] [REI] [REIPlugin END] Reloading Section: "end-reload/FluidSupportProviderImpl/"
[11:37:13] [main/TRACE] [REI] [REIPlugin END] Reloading Section: "end-reload/FluidSupportProviderImpl/" done in 16.28 μs
[11:37:13] [main/TRACE] [REI] [REIPlugin END] Reloading Section: "end-reload/" done in 542.6 μs
[11:37:13] [main/DEBUG] [REI] ========================================
[11:37:13] [main/DEBUG] [REI] REIPlugin ended main-reload for END in 58.77 ms.
[11:37:13] [main/DEBUG] [REI] ========================================
[11:37:13] [main/INFO] [REI] ----------------------------------------
[11:37:13] [main/INFO] [REI] REIServerPlugin starting main-reload for END.
[11:37:13] [main/DEBUG] [REI] Reloadables (2):
[11:37:13] [main/DEBUG] [REI]  - MenuInfoRegistryImpl
[11:37:13] [main/DEBUG] [REI]  - SlotAccessorRegistryImpl
[11:37:13] [main/INFO] [REI] Plugins (4):
[11:37:13] [main/INFO] [REI]  - (-100.00) DefaultPlugin of DefaultPlugin [roughlyenoughitems]
[11:37:13] [main/INFO] [REI]  - (0.00) FabricFluidAPISupportPlugin
[11:37:13] [main/INFO] [REI]  - (0.00) ReiCompat of ReiCompat [travelersbackpack]
[11:37:13] [main/INFO] [REI]  - (0.00) DefaultRuntimePlugin of DefaultRuntimePlugin [roughlyenoughitems]
[11:37:13] [main/INFO] [REI] ----------------------------------------
[11:37:13] [main/TRACE] [REI] [REIServerPlugin END] Reloading Section: "start-reload/"
[11:37:13] [main/TRACE] [REI] [REIServerPlugin END] Reloading Section: "start-reload/MenuInfoRegistryImpl/"
[11:37:13] [main/TRACE] [REI] [REIServerPlugin END] Reloading Section: "start-reload/MenuInfoRegistryImpl/" done in 106.2 μs
[11:37:13] [main/TRACE] [REI] [REIServerPlugin END] Reloading Section: "start-reload/SlotAccessorRegistryImpl/"
[11:37:13] [main/TRACE] [REI] [REIServerPlugin END] Reloading Section: "start-reload/SlotAccessorRegistryImpl/" done in 36.14 μs
[11:37:13] [main/TRACE] [REI] [REIServerPlugin END] Reloading Section: "start-reload/" done in 433.8 μs
[11:37:13] [main/DEBUG] [REI] ========================================
[11:37:13] [main/DEBUG] [REI] REIServerPlugin started main-reload for END.
[11:37:13] [main/DEBUG] [REI] ========================================
[11:37:13] [main/TRACE] [REI] [REIServerPlugin END] Reloading Section: "reloadable-plugin/MenuInfoRegistryImpl/"
[11:37:13] [main/TRACE] [REI] [REIServerPlugin END] Reloading Section: "reloadable-plugin/MenuInfoRegistryImpl/DefaultPlugin of DefaultPlugin [roughlyenoughitems]/"
[11:37:13] [main/TRACE] [REI] [REIServerPlugin END] Reloading Section: "reloadable-plugin/MenuInfoRegistryImpl/DefaultPlugin of DefaultPlugin [roughlyenoughitems]/" done in 32.94 μs
[11:37:13] [main/TRACE] [REI] [REIServerPlugin END] Reloading Section: "reloadable-plugin/MenuInfoRegistryImpl/FabricFluidAPISupportPlugin/"
[11:37:13] [main/TRACE] [REI] [REIServerPlugin END] Reloading Section: "reloadable-plugin/MenuInfoRegistryImpl/FabricFluidAPISupportPlugin/" done in 121.6 μs
[11:37:13] [main/TRACE] [REI] [REIServerPlugin END] Reloading Section: "reloadable-plugin/MenuInfoRegistryImpl/ReiCompat of ReiCompat [travelersbackpack]/"
[11:37:13] [main/DEBUG] [REI] Added menu info for class com.tiviacz.travelersbackpack.inventory.screen.TravelersBackpackBaseScreenHandler [minecraft:plugins/crafting]: me.shedaniel.rei.api.common.transfer.info.simple.SimpleMenuInfoProvider$$Lambda/0x00007857d8efbec8@3c20a1c1
[11:37:13] [main/TRACE] [REI] [REIServerPlugin END] Reloading Section: "reloadable-plugin/MenuInfoRegistryImpl/ReiCompat of ReiCompat [travelersbackpack]/" done in 8.266 ms
[11:37:13] [main/TRACE] [REI] [REIServerPlugin END] Reloading Section: "reloadable-plugin/MenuInfoRegistryImpl/DefaultRuntimePlugin of DefaultRuntimePlugin [roughlyenoughitems]/"
[11:37:13] [main/TRACE] [REI] [REIServerPlugin END] Reloading Section: "reloadable-plugin/MenuInfoRegistryImpl/DefaultRuntimePlugin of DefaultRuntimePlugin [roughlyenoughitems]/" done in 42.79 μs
[11:37:13] [main/TRACE] [REI] [REIServerPlugin END] Reloading Section: "reloadable-plugin/MenuInfoRegistryImpl/" done in 9.165 ms
[11:37:13] [main/TRACE] [REI] [REIServerPlugin END] Reloading Section: "reloadable-plugin/SlotAccessorRegistryImpl/"
[11:37:13] [main/TRACE] [REI] [REIServerPlugin END] Reloading Section: "reloadable-plugin/SlotAccessorRegistryImpl/DefaultPlugin of DefaultPlugin [roughlyenoughitems]/"
[11:37:13] [main/TRACE] [REI] [REIServerPlugin END] Reloading Section: "reloadable-plugin/SlotAccessorRegistryImpl/DefaultPlugin of DefaultPlugin [roughlyenoughitems]/" done in 145.5 μs
[11:37:13] [main/TRACE] [REI] [REIServerPlugin END] Reloading Section: "reloadable-plugin/SlotAccessorRegistryImpl/FabricFluidAPISupportPlugin/"
[11:37:13] [main/TRACE] [REI] [REIServerPlugin END] Reloading Section: "reloadable-plugin/SlotAccessorRegistryImpl/FabricFluidAPISupportPlugin/" done in 76.07 μs
[11:37:13] [main/TRACE] [REI] [REIServerPlugin END] Reloading Section: "reloadable-plugin/SlotAccessorRegistryImpl/ReiCompat of ReiCompat [travelersbackpack]/"
[11:37:13] [main/TRACE] [REI] [REIServerPlugin END] Reloading Section: "reloadable-plugin/SlotAccessorRegistryImpl/ReiCompat of ReiCompat [travelersbackpack]/" done in 114.1 μs
[11:37:13] [main/TRACE] [REI] [REIServerPlugin END] Reloading Section: "reloadable-plugin/SlotAccessorRegistryImpl/DefaultRuntimePlugin of DefaultRuntimePlugin [roughlyenoughitems]/"
[11:37:13] [main/DEBUG] [REI] Added slot accessor serializer: me.shedaniel.rei.plugin.common.runtime.DefaultRuntimePlugin$1@7bd32b57 [roughlyenoughitems:vanilla]
[11:37:13] [main/DEBUG] [REI] Added slot accessor serializer: me.shedaniel.rei.plugin.common.runtime.DefaultRuntimePlugin$2@7679abf2 [roughlyenoughitems:player]
[11:37:13] [main/TRACE] [REI] [REIServerPlugin END] Reloading Section: "reloadable-plugin/SlotAccessorRegistryImpl/DefaultRuntimePlugin of DefaultRuntimePlugin [roughlyenoughitems]/" done in 2.643 ms
[11:37:13] [main/TRACE] [REI] [REIServerPlugin END] Reloading Section: "reloadable-plugin/SlotAccessorRegistryImpl/" done in 3.759 ms
[11:37:13] [main/DEBUG] [REI] ========================================
[11:37:13] [main/DEBUG] [REI] REIServerPlugin ending main-reload for END.
[11:37:13] [main/DEBUG] [REI] ========================================
[11:37:13] [main/TRACE] [REI] [REIServerPlugin END] Reloading Section: "end-reload/"
[11:37:13] [main/TRACE] [REI] [REIServerPlugin END] Reloading Section: "end-reload/MenuInfoRegistryImpl/"
[11:37:13] [main/DEBUG] [REI] Registered 1 menu infos
[11:37:13] [main/TRACE] [REI] [REIServerPlugin END] Reloading Section: "end-reload/MenuInfoRegistryImpl/" done in 100.8 μs
[11:37:13] [main/TRACE] [REI] [REIServerPlugin END] Reloading Section: "end-reload/SlotAccessorRegistryImpl/"
[11:37:13] [main/DEBUG] [REI] Registered 2 slot accessor serializers
[11:37:13] [main/TRACE] [REI] [REIServerPlugin END] Reloading Section: "end-reload/SlotAccessorRegistryImpl/" done in 81.32 μs
[11:37:13] [main/TRACE] [REI] [REIServerPlugin END] Reloading Section: "end-reload/" done in 1.490 ms
[11:37:13] [main/DEBUG] [REI] ========================================
[11:37:13] [main/DEBUG] [REI] REIServerPlugin ended main-reload for END in 22.59 ms.
[11:37:13] [main/DEBUG] [REI] ========================================
[11:37:13] [main/DEBUG] [REI] ========================================
[11:37:13] [main/DEBUG] [REI] REIPlugin starting post-reload for END.
[11:37:13] [main/DEBUG] [REI] Reloadables (7):
[11:37:13] [main/DEBUG] [REI]  - EntryTypeRegistryImpl
[11:37:13] [main/DEBUG] [REI]  - EntrySettingsAdapterRegistryImpl
[11:37:13] [main/DEBUG] [REI]  - RecipeManagerContextImpl
[11:37:13] [main/DEBUG] [REI]  - ItemComparatorRegistryImpl
[11:37:13] [main/DEBUG] [REI]  - FluidComparatorRegistryImpl
[11:37:13] [main/DEBUG] [REI]  - DisplaySerializerRegistryImpl
[11:37:13] [main/DEBUG] [REI]  - FluidSupportProviderImpl
[11:37:13] [main/DEBUG] [REI] Plugins (4):
[11:37:13] [main/DEBUG] [REI]  - (-100.00) DefaultPlugin of DefaultPlugin [roughlyenoughitems]
[11:37:13] [main/DEBUG] [REI]  - (0.00) FabricFluidAPISupportPlugin
[11:37:13] [main/DEBUG] [REI]  - (0.00) ReiCompat of ReiCompat [travelersbackpack]
[11:37:13] [main/DEBUG] [REI]  - (0.00) DefaultRuntimePlugin of DefaultRuntimePlugin [roughlyenoughitems]
[11:37:13] [main/DEBUG] [REI] ========================================
[11:37:13] [main/TRACE] [REI] [REIPlugin END] Reloading Section: "post-register/"
[11:37:13] [main/TRACE] [REI] [REIPlugin END] Reloading Section: "post-register/DefaultPlugin of DefaultPlugin [roughlyenoughitems]/"
[11:37:13] [main/TRACE] [REI] [REIPlugin END] Reloading Section: "post-register/DefaultPlugin of DefaultPlugin [roughlyenoughitems]/" done in 102.3 μs
[11:37:13] [main/TRACE] [REI] [REIPlugin END] Reloading Section: "post-register/FabricFluidAPISupportPlugin/"
[11:37:13] [main/TRACE] [REI] [REIPlugin END] Reloading Section: "post-register/FabricFluidAPISupportPlugin/" done in 25.12 μs
[11:37:13] [main/TRACE] [REI] [REIPlugin END] Reloading Section: "post-register/ReiCompat of ReiCompat [travelersbackpack]/"
[11:37:13] [main/TRACE] [REI] [REIPlugin END] Reloading Section: "post-register/ReiCompat of ReiCompat [travelersbackpack]/" done in 22.23 μs
[11:37:13] [main/TRACE] [REI] [REIPlugin END] Reloading Section: "post-register/DefaultRuntimePlugin of DefaultRuntimePlugin [roughlyenoughitems]/"
[11:37:13] [main/TRACE] [REI] [REIPlugin END] Reloading Section: "post-register/DefaultRuntimePlugin of DefaultRuntimePlugin [roughlyenoughitems]/" done in 106.0 μs
[11:37:13] [main/TRACE] [REI] [REIPlugin END] Reloading Section: "post-register/" done in 2.427 ms
[11:37:13] [main/TRACE] [REI] [REIPlugin END] Reloading Section: "post-stage/"
[11:37:13] [main/TRACE] [REI] [REIPlugin END] Reloading Section: "post-stage/EntryTypeRegistryImpl/"
[11:37:13] [main/TRACE] [REI] [REIPlugin END] Reloading Section: "post-stage/EntryTypeRegistryImpl/" done in 95.69 μs
[11:37:13] [main/TRACE] [REI] [REIPlugin END] Reloading Section: "post-stage/EntrySettingsAdapterRegistryImpl/"
[11:37:13] [main/TRACE] [REI] [REIPlugin END] Reloading Section: "post-stage/EntrySettingsAdapterRegistryImpl/" done in 147.8 μs
[11:37:13] [main/TRACE] [REI] [REIPlugin END] Reloading Section: "post-stage/RecipeManagerContextImpl/"
[11:37:13] [main/TRACE] [REI] [REIPlugin END] Reloading Section: "post-stage/RecipeManagerContextImpl/" done in 72.57 μs
[11:37:13] [main/TRACE] [REI] [REIPlugin END] Reloading Section: "post-stage/ItemComparatorRegistryImpl/"
[11:37:13] [main/TRACE] [REI] [REIPlugin END] Reloading Section: "post-stage/ItemComparatorRegistryImpl/" done in 24.79 μs
[11:37:13] [main/TRACE] [REI] [REIPlugin END] Reloading Section: "post-stage/FluidComparatorRegistryImpl/"
[11:37:13] [main/TRACE] [REI] [REIPlugin END] Reloading Section: "post-stage/FluidComparatorRegistryImpl/" done in 18.03 μs
[11:37:13] [main/TRACE] [REI] [REIPlugin END] Reloading Section: "post-stage/DisplaySerializerRegistryImpl/"
[11:37:13] [main/TRACE] [REI] [REIPlugin END] Reloading Section: "post-stage/DisplaySerializerRegistryImpl/" done in 19.94 μs
[11:37:13] [main/TRACE] [REI] [REIPlugin END] Reloading Section: "post-stage/FluidSupportProviderImpl/"
[11:37:13] [main/TRACE] [REI] [REIPlugin END] Reloading Section: "post-stage/FluidSupportProviderImpl/" done in 20.04 μs
[11:37:13] [main/TRACE] [REI] [REIPlugin END] Reloading Section: "post-stage/" done in 1.761 ms
[11:37:13] [main/DEBUG] [REI] ========================================
[11:37:13] [main/INFO] [REI] REIPlugin finished post-reload for END in 4.442 ms, totaling 65.75 ms.
[11:37:13] [main/DEBUG] [REI] ========================================
[11:37:13] [main/DEBUG] [REI] ========================================
[11:37:13] [main/DEBUG] [REI] REIServerPlugin starting post-reload for END.
[11:37:13] [main/DEBUG] [REI] Reloadables (2):
[11:37:13] [main/DEBUG] [REI]  - MenuInfoRegistryImpl
[11:37:13] [main/DEBUG] [REI]  - SlotAccessorRegistryImpl
[11:37:13] [main/DEBUG] [REI] Plugins (4):
[11:37:13] [main/DEBUG] [REI]  - (-100.00) DefaultPlugin of DefaultPlugin [roughlyenoughitems]
[11:37:13] [main/DEBUG] [REI]  - (0.00) FabricFluidAPISupportPlugin
[11:37:13] [main/DEBUG] [REI]  - (0.00) ReiCompat of ReiCompat [travelersbackpack]
[11:37:13] [main/DEBUG] [REI]  - (0.00) DefaultRuntimePlugin of DefaultRuntimePlugin [roughlyenoughitems]
[11:37:13] [main/DEBUG] [REI] ========================================
[11:37:13] [main/TRACE] [REI] [REIServerPlugin END] Reloading Section: "post-register/"
[11:37:13] [main/TRACE] [REI] [REIServerPlugin END] Reloading Section: "post-register/DefaultPlugin of DefaultPlugin [roughlyenoughitems]/"
[11:37:13] [main/TRACE] [REI] [REIServerPlugin END] Reloading Section: "post-register/DefaultPlugin of DefaultPlugin [roughlyenoughitems]/" done in 109.2 μs
[11:37:13] [main/TRACE] [REI] [REIServerPlugin END] Reloading Section: "post-register/FabricFluidAPISupportPlugin/"
[11:37:13] [main/TRACE] [REI] [REIServerPlugin END] Reloading Section: "post-register/FabricFluidAPISupportPlugin/" done in 108.8 μs
[11:37:13] [main/TRACE] [REI] [REIServerPlugin END] Reloading Section: "post-register/ReiCompat of ReiCompat [travelersbackpack]/"
[11:37:13] [main/TRACE] [REI] [REIServerPlugin END] Reloading Section: "post-register/ReiCompat of ReiCompat [travelersbackpack]/" done in 37.34 μs
[11:37:13] [main/TRACE] [REI] [REIServerPlugin END] Reloading Section: "post-register/DefaultRuntimePlugin of DefaultRuntimePlugin [roughlyenoughitems]/"
[11:37:13] [main/TRACE] [REI] [REIServerPlugin END] Reloading Section: "post-register/DefaultRuntimePlugin of DefaultRuntimePlugin [roughlyenoughitems]/" done in 34.68 μs
[11:37:13] [main/TRACE] [REI] [REIServerPlugin END] Reloading Section: "post-register/" done in 918.3 μs
[11:37:13] [main/TRACE] [REI] [REIServerPlugin END] Reloading Section: "post-stage/"
[11:37:13] [main/TRACE] [REI] [REIServerPlugin END] Reloading Section: "post-stage/MenuInfoRegistryImpl/"
[11:37:13] [main/TRACE] [REI] [REIServerPlugin END] Reloading Section: "post-stage/MenuInfoRegistryImpl/" done in 23.61 μs
[11:37:13] [main/TRACE] [REI] [REIServerPlugin END] Reloading Section: "post-stage/SlotAccessorRegistryImpl/"
[11:37:13] [main/TRACE] [REI] [REIServerPlugin END] Reloading Section: "post-stage/SlotAccessorRegistryImpl/" done in 31.23 μs
[11:37:13] [main/TRACE] [REI] [REIServerPlugin END] Reloading Section: "post-stage/" done in 201.7 μs
[11:37:13] [main/DEBUG] [REI] ========================================
[11:37:13] [main/INFO] [REI] REIServerPlugin finished post-reload for END in 1.195 ms, totaling 24.44 ms.
[11:37:13] [main/DEBUG] [REI] ========================================
